{"C:\\Users\\97252\\Documents\\College\\EDVENCE\\Group47-b\\src\\app.ts": {"path":"C:\\Users\\97252\\Documents\\College\\EDVENCE\\Group47-b\\src\\app.ts","statementMap":{"0":{"start":{"line":1,"column":0},"end":{"line":1,"column":25}},"1":{"start":{"line":2,"column":0},"end":{"line":2,"column":13}},"2":{"start":{"line":3,"column":0},"end":{"line":3,"column":43}},"3":{"start":{"line":4,"column":0},"end":{"line":4,"column":32}},"4":{"start":{"line":5,"column":0},"end":{"line":5,"column":37}},"5":{"start":{"line":6,"column":0},"end":{"line":6,"column":48}},"6":{"start":{"line":7,"column":0},"end":{"line":7,"column":44}},"7":{"start":{"line":8,"column":0},"end":{"line":8,"column":51}},"8":{"start":{"line":9,"column":0},"end":{"line":9,"column":49}},"9":{"start":{"line":10,"column":0},"end":{"line":10,"column":63}},"10":{"start":{"line":13,"column":16},"end":{"line":40,"column":1}},"11":{"start":{"line":14,"column":18},"end":{"line":38,"column":4}},"12":{"start":{"line":15,"column":15},"end":{"line":15,"column":34}},"13":{"start":{"line":16,"column":4},"end":{"line":16,"column":64}},"14":{"start":{"line":16,"column":26},"end":{"line":16,"column":62}},"15":{"start":{"line":17,"column":4},"end":{"line":17,"column":52}},"16":{"start":{"line":17,"column":30},"end":{"line":17,"column":50}},"17":{"start":{"line":18,"column":16},"end":{"line":18,"column":34}},"18":{"start":{"line":19,"column":4},"end":{"line":37,"column":7}},"19":{"start":{"line":20,"column":18},"end":{"line":20,"column":27}},"20":{"start":{"line":21,"column":6},"end":{"line":21,"column":33}},"21":{"start":{"line":22,"column":6},"end":{"line":22,"column":57}},"22":{"start":{"line":23,"column":6},"end":{"line":29,"column":null}},"23":{"start":{"line":24,"column":8},"end":{"line":24,"column":55}},"24":{"start":{"line":25,"column":8},"end":{"line":25,"column":56}},"25":{"start":{"line":26,"column":8},"end":{"line":26,"column":56}},"26":{"start":{"line":27,"column":8},"end":{"line":27,"column":63}},"27":{"start":{"line":28,"column":8},"end":{"line":28,"column":15}},"28":{"start":{"line":30,"column":6},"end":{"line":30,"column":38}},"29":{"start":{"line":31,"column":6},"end":{"line":31,"column":44}},"30":{"start":{"line":32,"column":6},"end":{"line":32,"column":null}},"31":{"start":{"line":33,"column":6},"end":{"line":33,"column":34}},"32":{"start":{"line":34,"column":6},"end":{"line":34,"column":34}},"33":{"start":{"line":35,"column":6},"end":{"line":35,"column":51}},"34":{"start":{"line":36,"column":6},"end":{"line":36,"column":19}},"35":{"start":{"line":39,"column":2},"end":{"line":39,"column":17}},"36":{"start":{"line":42,"column":0},"end":{"line":42,"column":23}}},"fnMap":{"0":{"name":"(anonymous_1)","decl":{"start":{"line":13,"column":16},"end":{"line":13,"column":37}},"loc":{"start":{"line":13,"column":39},"end":{"line":40,"column":1}}},"1":{"name":"(anonymous_2)","decl":{"start":{"line":14,"column":39},"end":{"line":14,"column":40}},"loc":{"start":{"line":14,"column":51},"end":{"line":38,"column":3}}},"2":{"name":"(anonymous_3)","decl":{"start":{"line":16,"column":20},"end":{"line":16,"column":23}},"loc":{"start":{"line":16,"column":26},"end":{"line":16,"column":62}}},"3":{"name":"(anonymous_4)","decl":{"start":{"line":17,"column":19},"end":{"line":17,"column":20}},"loc":{"start":{"line":17,"column":30},"end":{"line":17,"column":50}}},"4":{"name":"(anonymous_5)","decl":{"start":{"line":19,"column":32},"end":{"line":19,"column":35}},"loc":{"start":{"line":19,"column":37},"end":{"line":37,"column":5}}},"5":{"name":"(anonymous_6)","decl":{"start":{"line":23,"column":14},"end":{"line":23,"column":15}},"loc":{"start":{"line":23,"column":33},"end":{"line":29,"column":7}}}},"branchMap":{},"s":{"0":4,"1":4,"2":4,"3":4,"4":4,"5":4,"6":4,"7":4,"8":4,"9":4,"10":4,"11":4,"12":4,"13":4,"14":4,"15":4,"16":0,"17":4,"18":4,"19":4,"20":4,"21":4,"22":4,"23":71,"24":71,"25":71,"26":71,"27":71,"28":4,"29":4,"30":4,"31":4,"32":4,"33":4,"34":4,"35":4,"36":4},"f":{"0":4,"1":4,"2":4,"3":0,"4":4,"5":71},"b":{}}
,"C:\\Users\\97252\\Documents\\College\\EDVENCE\\Group47-b\\src\\common\\auth_middleware.ts": {"path":"C:\\Users\\97252\\Documents\\College\\EDVENCE\\Group47-b\\src\\common\\auth_middleware.ts","statementMap":{"0":{"start":{"line":2,"column":0},"end":{"line":2,"column":31}},"1":{"start":{"line":7,"column":25},"end":{"line":31,"column":1}},"2":{"start":{"line":10,"column":23},"end":{"line":10,"column":51}},"3":{"start":{"line":11,"column":18},"end":{"line":11,"column":56}},"4":{"start":{"line":12,"column":4},"end":{"line":15,"column":5}},"5":{"start":{"line":14,"column":8},"end":{"line":14,"column":35}},"6":{"start":{"line":16,"column":8},"end":{"line":30,"column":7}},"7":{"start":{"line":17,"column":8},"end":{"line":29,"column":9}},"8":{"start":{"line":19,"column":12},"end":{"line":19,"column":48}},"9":{"start":{"line":19,"column":21},"end":{"line":19,"column":48}},"10":{"start":{"line":20,"column":12},"end":{"line":20,"column":46}},"11":{"start":{"line":24,"column":12},"end":{"line":24,"column":19}},"12":{"start":{"line":28,"column":12},"end":{"line":28,"column":59}},"13":{"start":{"line":33,"column":0},"end":{"line":33,"column":30}}},"fnMap":{"0":{"name":"(anonymous_1)","decl":{"start":{"line":7,"column":25},"end":{"line":7,"column":26}},"loc":{"start":{"line":7,"column":82},"end":{"line":31,"column":1}}},"1":{"name":"(anonymous_2)","decl":{"start":{"line":16,"column":50},"end":{"line":16,"column":51}},"loc":{"start":{"line":16,"column":64},"end":{"line":30,"column":5}}}},"branchMap":{"0":{"loc":{"start":{"line":11,"column":18},"end":{"line":11,"column":56}},"type":"binary-expr","locations":[{"start":{"line":11,"column":18},"end":{"line":11,"column":28}},{"start":{"line":11,"column":32},"end":{"line":11,"column":56}}]},"1":{"loc":{"start":{"line":12,"column":4},"end":{"line":15,"column":5}},"type":"if","locations":[{"start":{"line":12,"column":4},"end":{"line":15,"column":5}}]},"2":{"loc":{"start":{"line":19,"column":12},"end":{"line":19,"column":48}},"type":"if","locations":[{"start":{"line":19,"column":12},"end":{"line":19,"column":48}}]}},"s":{"0":4,"1":4,"2":30,"3":30,"4":30,"5":1,"6":29,"7":29,"8":29,"9":3,"10":26,"11":26,"12":0,"13":4},"f":{"0":30,"1":29},"b":{"0":[30,29],"1":[1],"2":[3]}}
,"C:\\Users\\97252\\Documents\\College\\EDVENCE\\Group47-b\\src\\common\\file_upload.ts": {"path":"C:\\Users\\97252\\Documents\\College\\EDVENCE\\Group47-b\\src\\common\\file_upload.ts","statementMap":{"0":{"start":{"line":1,"column":0},"end":{"line":1,"column":28}},"1":{"start":{"line":3,"column":16},"end":{"line":17,"column":2}},"2":{"start":{"line":7,"column":8},"end":{"line":7,"column":null}},"3":{"start":{"line":11,"column":20},"end":{"line":14,"column":22}},"4":{"start":{"line":15,"column":8},"end":{"line":15,"column":null}},"5":{"start":{"line":20,"column":19},"end":{"line":34,"column":2}},"6":{"start":{"line":26,"column":29},"end":{"line":26,"column":70}},"7":{"start":{"line":28,"column":8},"end":{"line":32,"column":9}},"8":{"start":{"line":29,"column":12},"end":{"line":29,"column":27}},"9":{"start":{"line":31,"column":12},"end":{"line":31,"column":70}},"10":{"start":{"line":54,"column":9},"end":{"line":54,"column":19}},"11":{"start":{"line":37,"column":19},"end":{"line":51,"column":2}},"12":{"start":{"line":44,"column":29},"end":{"line":44,"column":75}},"13":{"start":{"line":45,"column":8},"end":{"line":49,"column":9}},"14":{"start":{"line":46,"column":12},"end":{"line":46,"column":27}},"15":{"start":{"line":48,"column":12},"end":{"line":48,"column":58}},"16":{"start":{"line":54,"column":21},"end":{"line":54,"column":31}}},"fnMap":{"0":{"name":"(anonymous_1)","decl":{"start":{"line":4,"column":17},"end":{"line":4,"column":27}},"loc":{"start":{"line":4,"column":40},"end":{"line":8,"column":5}}},"1":{"name":"(anonymous_2)","decl":{"start":{"line":9,"column":14},"end":{"line":9,"column":24}},"loc":{"start":{"line":9,"column":37},"end":{"line":16,"column":5}}},"2":{"name":"(anonymous_3)","decl":{"start":{"line":25,"column":16},"end":{"line":25,"column":26}},"loc":{"start":{"line":25,"column":39},"end":{"line":33,"column":5}}},"3":{"name":"(anonymous_4)","decl":{"start":{"line":42,"column":16},"end":{"line":42,"column":26}},"loc":{"start":{"line":42,"column":39},"end":{"line":50,"column":5}}}},"branchMap":{"0":{"loc":{"start":{"line":28,"column":8},"end":{"line":32,"column":9}},"type":"if","locations":[{"start":{"line":28,"column":8},"end":{"line":32,"column":9}},{"start":{"line":30,"column":15},"end":{"line":32,"column":9}}]},"1":{"loc":{"start":{"line":45,"column":8},"end":{"line":49,"column":9}},"type":"if","locations":[{"start":{"line":45,"column":8},"end":{"line":49,"column":9}},{"start":{"line":47,"column":15},"end":{"line":49,"column":9}}]}},"s":{"0":4,"1":4,"2":1,"3":1,"4":1,"5":4,"6":2,"7":2,"8":1,"9":1,"10":4,"11":4,"12":0,"13":0,"14":0,"15":0,"16":4},"f":{"0":1,"1":1,"2":2,"3":0},"b":{"0":[1,1],"1":[0,0]}}
,"C:\\Users\\97252\\Documents\\College\\EDVENCE\\Group47-b\\src\\common\\utils.ts": {"path":"C:\\Users\\97252\\Documents\\College\\EDVENCE\\Group47-b\\src\\common\\utils.ts","statementMap":{"0":{"start":{"line":1,"column":0},"end":{"line":1,"column":32}},"1":{"start":{"line":2,"column":0},"end":{"line":2,"column":46}},"2":{"start":{"line":3,"column":0},"end":{"line":3,"column":63}},"3":{"start":{"line":5,"column":18},"end":{"line":5,"column":49}},"4":{"start":{"line":6,"column":26},"end":{"line":6,"column":58}},"5":{"start":{"line":7,"column":8},"end":{"line":7,"column":35}},"6":{"start":{"line":4,"column":0},"end":{"line":4,"column":22}},"7":{"start":{"line":11,"column":4},"end":{"line":20,"column":5}},"8":{"start":{"line":12,"column":28},"end":{"line":15,"column":null}},"9":{"start":{"line":17,"column":8},"end":{"line":17,"column":46}},"10":{"start":{"line":19,"column":8},"end":{"line":19,"column":40}},"11":{"start":{"line":10,"column":0},"end":{"line":10,"column":22}},"12":{"start":{"line":25,"column":18},"end":{"line":25,"column":49}},"13":{"start":{"line":26,"column":4},"end":{"line":35,"column":5}},"14":{"start":{"line":27,"column":26},"end":{"line":27,"column":60}},"15":{"start":{"line":28,"column":12},"end":{"line":28,"column":52}},"16":{"start":{"line":29,"column":26},"end":{"line":29,"column":111}},"17":{"start":{"line":30,"column":12},"end":{"line":30,"column":null}},"18":{"start":{"line":34,"column":8},"end":{"line":34,"column":40}},"19":{"start":{"line":24,"column":0},"end":{"line":24,"column":22}}},"fnMap":{"0":{"name":"extractUserName","decl":{"start":{"line":4,"column":22},"end":{"line":4,"column":37}},"loc":{"start":{"line":4,"column":49},"end":{"line":8,"column":null}}},"1":{"name":"incCountInCourseName","decl":{"start":{"line":10,"column":22},"end":{"line":10,"column":42}},"loc":{"start":{"line":10,"column":53},"end":{"line":21,"column":null}}},"2":{"name":"decCountInCourseName","decl":{"start":{"line":24,"column":22},"end":{"line":24,"column":42}},"loc":{"start":{"line":24,"column":141},"end":{"line":37,"column":null}}}},"branchMap":{},"s":{"0":4,"1":4,"2":4,"3":5,"4":5,"5":5,"6":4,"7":2,"8":2,"9":2,"10":0,"11":4,"12":2,"13":2,"14":2,"15":2,"16":2,"17":2,"18":0,"19":4},"f":{"0":5,"1":2,"2":2},"b":{}}
,"C:\\Users\\97252\\Documents\\College\\EDVENCE\\Group47-b\\src\\controllers\\auth_controller.ts": {"path":"C:\\Users\\97252\\Documents\\College\\EDVENCE\\Group47-b\\src\\controllers\\auth_controller.ts","statementMap":{"0":{"start":{"line":2,"column":0},"end":{"line":2,"column":51}},"1":{"start":{"line":3,"column":0},"end":{"line":3,"column":28}},"2":{"start":{"line":4,"column":0},"end":{"line":4,"column":31}},"3":{"start":{"line":5,"column":0},"end":{"line":5,"column":51}},"4":{"start":{"line":9,"column":15},"end":{"line":9,"column":33}},"5":{"start":{"line":10,"column":21},"end":{"line":44,"column":null}},"6":{"start":{"line":10,"column":59},"end":{"line":44,"column":null}},"7":{"start":{"line":12,"column":4},"end":{"line":42,"column":5}},"8":{"start":{"line":13,"column":23},"end":{"line":16,"column":10}},"9":{"start":{"line":17,"column":24},"end":{"line":17,"column":43}},"10":{"start":{"line":18,"column":22},"end":{"line":18,"column":36}},"11":{"start":{"line":19,"column":8},"end":{"line":39,"column":9}},"12":{"start":{"line":20,"column":23},"end":{"line":20,"column":61}},"13":{"start":{"line":21,"column":12},"end":{"line":29,"column":13}},"14":{"start":{"line":22,"column":16},"end":{"line":28,"column":23}},"15":{"start":{"line":30,"column":27},"end":{"line":30,"column":53}},"16":{"start":{"line":31,"column":12},"end":{"line":38,"column":null}},"17":{"start":{"line":41,"column":8},"end":{"line":41,"column":49}},"18":{"start":{"line":46,"column":17},"end":{"line":82,"column":null}},"19":{"start":{"line":46,"column":55},"end":{"line":82,"column":null}},"20":{"start":{"line":48,"column":18},"end":{"line":48,"column":32}},"21":{"start":{"line":49,"column":21},"end":{"line":49,"column":38}},"22":{"start":{"line":50,"column":19},"end":{"line":50,"column":34}},"23":{"start":{"line":51,"column":22},"end":{"line":51,"column":40}},"24":{"start":{"line":52,"column":4},"end":{"line":55,"column":5}},"25":{"start":{"line":54,"column":8},"end":{"line":54,"column":65}},"26":{"start":{"line":56,"column":4},"end":{"line":81,"column":5}},"27":{"start":{"line":57,"column":19},"end":{"line":57,"column":57}},"28":{"start":{"line":58,"column":8},"end":{"line":60,"column":9}},"29":{"start":{"line":59,"column":12},"end":{"line":59,"column":64}},"30":{"start":{"line":61,"column":21},"end":{"line":61,"column":45}},"31":{"start":{"line":62,"column":34},"end":{"line":62,"column":67}},"32":{"start":{"line":63,"column":20},"end":{"line":69,"column":14}},"33":{"start":{"line":70,"column":23},"end":{"line":70,"column":48}},"34":{"start":{"line":71,"column":8},"end":{"line":78,"column":null}},"35":{"start":{"line":80,"column":8},"end":{"line":80,"column":71}},"36":{"start":{"line":84,"column":23},"end":{"line":97,"column":null}},"37":{"start":{"line":84,"column":56},"end":{"line":97,"column":null}},"38":{"start":{"line":85,"column":24},"end":{"line":85,"column":118}},"39":{"start":{"line":86,"column":25},"end":{"line":86,"column":84}},"40":{"start":{"line":87,"column":4},"end":{"line":91,"column":5}},"41":{"start":{"line":88,"column":8},"end":{"line":88,"column":44}},"42":{"start":{"line":90,"column":8},"end":{"line":90,"column":46}},"43":{"start":{"line":92,"column":4},"end":{"line":92,"column":22}},"44":{"start":{"line":93,"column":4},"end":{"line":96,"column":6}},"45":{"start":{"line":99,"column":14},"end":{"line":127,"column":null}},"46":{"start":{"line":99,"column":52},"end":{"line":127,"column":null}},"47":{"start":{"line":100,"column":18},"end":{"line":100,"column":32}},"48":{"start":{"line":101,"column":21},"end":{"line":101,"column":38}},"49":{"start":{"line":102,"column":4},"end":{"line":104,"column":5}},"50":{"start":{"line":103,"column":8},"end":{"line":103,"column":65}},"51":{"start":{"line":105,"column":4},"end":{"line":126,"column":5}},"52":{"start":{"line":106,"column":21},"end":{"line":106,"column":59}},"53":{"start":{"line":107,"column":8},"end":{"line":109,"column":9}},"54":{"start":{"line":108,"column":12},"end":{"line":108,"column":60}},"55":{"start":{"line":110,"column":22},"end":{"line":110,"column":67}},"56":{"start":{"line":111,"column":8},"end":{"line":113,"column":9}},"57":{"start":{"line":112,"column":12},"end":{"line":112,"column":63}},"58":{"start":{"line":115,"column":23},"end":{"line":115,"column":49}},"59":{"start":{"line":116,"column":8},"end":{"line":123,"column":15}},"60":{"start":{"line":125,"column":8},"end":{"line":125,"column":71}},"61":{"start":{"line":129,"column":15},"end":{"line":162,"column":null}},"62":{"start":{"line":129,"column":53},"end":{"line":162,"column":null}},"63":{"start":{"line":130,"column":23},"end":{"line":130,"column":51}},"64":{"start":{"line":131,"column":25},"end":{"line":131,"column":63}},"65":{"start":{"line":139,"column":4},"end":{"line":161,"column":7}},"66":{"start":{"line":139,"column":100},"end":{"line":161,"column":6}},"67":{"start":{"line":141,"column":8},"end":{"line":141,"column":70}},"68":{"start":{"line":141,"column":17},"end":{"line":141,"column":70}},"69":{"start":{"line":142,"column":8},"end":{"line":160,"column":9}},"70":{"start":{"line":143,"column":27},"end":{"line":143,"column":66}},"71":{"start":{"line":145,"column":12},"end":{"line":157,"column":13}},"72":{"start":{"line":149,"column":16},"end":{"line":149,"column":42}},"73":{"start":{"line":150,"column":16},"end":{"line":150,"column":36}},"74":{"start":{"line":151,"column":16},"end":{"line":151,"column":71}},"75":{"start":{"line":154,"column":16},"end":{"line":154,"column":92}},"76":{"start":{"line":154,"column":72},"end":{"line":154,"column":90}},"77":{"start":{"line":155,"column":16},"end":{"line":155,"column":36}},"78":{"start":{"line":156,"column":16},"end":{"line":156,"column":43}},"79":{"start":{"line":159,"column":12},"end":{"line":159,"column":46}},"80":{"start":{"line":164,"column":16},"end":{"line":200,"column":null}},"81":{"start":{"line":164,"column":54},"end":{"line":200,"column":null}},"82":{"start":{"line":165,"column":23},"end":{"line":165,"column":51}},"83":{"start":{"line":166,"column":25},"end":{"line":166,"column":63}},"84":{"start":{"line":167,"column":4},"end":{"line":167,"column":57}},"85":{"start":{"line":167,"column":30},"end":{"line":167,"column":57}},"86":{"start":{"line":168,"column":4},"end":{"line":199,"column":7}},"87":{"start":{"line":168,"column":100},"end":{"line":199,"column":6}},"88":{"start":{"line":169,"column":8},"end":{"line":172,"column":9}},"89":{"start":{"line":171,"column":12},"end":{"line":171,"column":39}},"90":{"start":{"line":173,"column":8},"end":{"line":198,"column":9}},"91":{"start":{"line":174,"column":27},"end":{"line":174,"column":66}},"92":{"start":{"line":175,"column":12},"end":{"line":180,"column":13}},"93":{"start":{"line":177,"column":16},"end":{"line":177,"column":42}},"94":{"start":{"line":178,"column":16},"end":{"line":178,"column":36}},"95":{"start":{"line":179,"column":16},"end":{"line":179,"column":43}},"96":{"start":{"line":181,"column":32},"end":{"line":181,"column":126}},"97":{"start":{"line":182,"column":36},"end":{"line":182,"column":95}},"98":{"start":{"line":184,"column":12},"end":{"line":184,"column":88}},"99":{"start":{"line":184,"column":68},"end":{"line":184,"column":86}},"100":{"start":{"line":187,"column":12},"end":{"line":187,"column":55}},"101":{"start":{"line":188,"column":12},"end":{"line":188,"column":32}},"102":{"start":{"line":191,"column":12},"end":{"line":195,"column":15}},"103":{"start":{"line":197,"column":12},"end":{"line":197,"column":50}},"104":{"start":{"line":201,"column":0},"end":{"line":201,"column":35}},"105":{"start":{"line":203,"column":20},"end":{"line":213,"column":null}},"106":{"start":{"line":203,"column":58},"end":{"line":213,"column":null}},"107":{"start":{"line":205,"column":23},"end":{"line":208,"column":6}},"108":{"start":{"line":209,"column":21},"end":{"line":209,"column":92}},"109":{"start":{"line":212,"column":4},"end":{"line":212,"column":37}},"110":{"start":{"line":217,"column":0},"end":{"line":224,"column":null}}},"fnMap":{"0":{"name":"(anonymous_8)","decl":{"start":{"line":10,"column":21},"end":{"line":10,"column":28}},"loc":{"start":{"line":10,"column":59},"end":{"line":44,"column":null}}},"1":{"name":"(anonymous_9)","decl":{"start":{"line":10,"column":59},"end":{"line":10,"column":null}},"loc":{"start":{"line":10,"column":59},"end":{"line":44,"column":1}}},"2":{"name":"(anonymous_10)","decl":{"start":{"line":46,"column":17},"end":{"line":46,"column":24}},"loc":{"start":{"line":46,"column":55},"end":{"line":82,"column":null}}},"3":{"name":"(anonymous_11)","decl":{"start":{"line":46,"column":55},"end":{"line":46,"column":null}},"loc":{"start":{"line":46,"column":55},"end":{"line":82,"column":1}}},"4":{"name":"(anonymous_12)","decl":{"start":{"line":84,"column":23},"end":{"line":84,"column":30}},"loc":{"start":{"line":84,"column":56},"end":{"line":97,"column":null}}},"5":{"name":"(anonymous_13)","decl":{"start":{"line":84,"column":56},"end":{"line":84,"column":null}},"loc":{"start":{"line":84,"column":56},"end":{"line":97,"column":1}}},"6":{"name":"(anonymous_14)","decl":{"start":{"line":99,"column":14},"end":{"line":99,"column":21}},"loc":{"start":{"line":99,"column":52},"end":{"line":127,"column":null}}},"7":{"name":"(anonymous_15)","decl":{"start":{"line":99,"column":52},"end":{"line":99,"column":null}},"loc":{"start":{"line":99,"column":52},"end":{"line":127,"column":1}}},"8":{"name":"(anonymous_16)","decl":{"start":{"line":129,"column":15},"end":{"line":129,"column":22}},"loc":{"start":{"line":129,"column":53},"end":{"line":162,"column":null}}},"9":{"name":"(anonymous_17)","decl":{"start":{"line":129,"column":53},"end":{"line":129,"column":null}},"loc":{"start":{"line":129,"column":53},"end":{"line":162,"column":1}}},"10":{"name":"(anonymous_18)","decl":{"start":{"line":139,"column":61},"end":{"line":139,"column":68}},"loc":{"start":{"line":139,"column":100},"end":{"line":161,"column":6}}},"11":{"name":"(anonymous_19)","decl":{"start":{"line":139,"column":100},"end":{"line":139,"column":null}},"loc":{"start":{"line":139,"column":100},"end":{"line":161,"column":5}}},"12":{"name":"(anonymous_20)","decl":{"start":{"line":154,"column":67},"end":{"line":154,"column":68}},"loc":{"start":{"line":154,"column":72},"end":{"line":154,"column":90}}},"13":{"name":"(anonymous_21)","decl":{"start":{"line":164,"column":16},"end":{"line":164,"column":23}},"loc":{"start":{"line":164,"column":54},"end":{"line":200,"column":null}}},"14":{"name":"(anonymous_22)","decl":{"start":{"line":164,"column":54},"end":{"line":164,"column":null}},"loc":{"start":{"line":164,"column":54},"end":{"line":200,"column":1}}},"15":{"name":"(anonymous_23)","decl":{"start":{"line":168,"column":61},"end":{"line":168,"column":68}},"loc":{"start":{"line":168,"column":100},"end":{"line":199,"column":6}}},"16":{"name":"(anonymous_24)","decl":{"start":{"line":168,"column":100},"end":{"line":168,"column":null}},"loc":{"start":{"line":168,"column":100},"end":{"line":199,"column":5}}},"17":{"name":"(anonymous_25)","decl":{"start":{"line":184,"column":63},"end":{"line":184,"column":64}},"loc":{"start":{"line":184,"column":68},"end":{"line":184,"column":86}}},"18":{"name":"(anonymous_26)","decl":{"start":{"line":203,"column":20},"end":{"line":203,"column":27}},"loc":{"start":{"line":203,"column":58},"end":{"line":213,"column":null}}},"19":{"name":"(anonymous_27)","decl":{"start":{"line":203,"column":58},"end":{"line":203,"column":null}},"loc":{"start":{"line":203,"column":58},"end":{"line":213,"column":1}}}},"branchMap":{"0":{"loc":{"start":{"line":18,"column":22},"end":{"line":18,"column":36}},"type":"cond-expr","locations":[{"start":{"line":18,"column":29},"end":{"line":18,"column":31}},{"start":{"line":18,"column":22},"end":{"line":18,"column":36}}]},"1":{"loc":{"start":{"line":18,"column":22},"end":{"line":18,"column":31}},"type":"binary-expr","locations":[{"start":{"line":18,"column":22},"end":{"line":18,"column":31}},{"start":{"line":18,"column":22},"end":{"line":18,"column":31}}]},"2":{"loc":{"start":{"line":19,"column":8},"end":{"line":39,"column":9}},"type":"if","locations":[{"start":{"line":19,"column":8},"end":{"line":39,"column":9}}]},"3":{"loc":{"start":{"line":21,"column":12},"end":{"line":29,"column":13}},"type":"if","locations":[{"start":{"line":21,"column":12},"end":{"line":29,"column":13}}]},"4":{"loc":{"start":{"line":26,"column":34},"end":{"line":26,"column":50}},"type":"cond-expr","locations":[{"start":{"line":26,"column":41},"end":{"line":26,"column":43}},{"start":{"line":26,"column":34},"end":{"line":26,"column":50}}]},"5":{"loc":{"start":{"line":26,"column":34},"end":{"line":26,"column":43}},"type":"binary-expr","locations":[{"start":{"line":26,"column":34},"end":{"line":26,"column":43}},{"start":{"line":26,"column":34},"end":{"line":26,"column":43}}]},"6":{"loc":{"start":{"line":27,"column":37},"end":{"line":27,"column":56}},"type":"cond-expr","locations":[{"start":{"line":27,"column":44},"end":{"line":27,"column":46}},{"start":{"line":27,"column":37},"end":{"line":27,"column":56}}]},"7":{"loc":{"start":{"line":27,"column":37},"end":{"line":27,"column":46}},"type":"binary-expr","locations":[{"start":{"line":27,"column":37},"end":{"line":27,"column":46}},{"start":{"line":27,"column":37},"end":{"line":27,"column":46}}]},"8":{"loc":{"start":{"line":27,"column":65},"end":{"line":27,"column":85}},"type":"cond-expr","locations":[{"start":{"line":27,"column":72},"end":{"line":27,"column":74}},{"start":{"line":27,"column":65},"end":{"line":27,"column":85}}]},"9":{"loc":{"start":{"line":27,"column":65},"end":{"line":27,"column":74}},"type":"binary-expr","locations":[{"start":{"line":27,"column":65},"end":{"line":27,"column":74}},{"start":{"line":27,"column":65},"end":{"line":27,"column":74}}]},"10":{"loc":{"start":{"line":52,"column":4},"end":{"line":55,"column":5}},"type":"if","locations":[{"start":{"line":52,"column":4},"end":{"line":55,"column":5}}]},"11":{"loc":{"start":{"line":52,"column":8},"end":{"line":52,"column":27}},"type":"binary-expr","locations":[{"start":{"line":52,"column":8},"end":{"line":52,"column":14}},{"start":{"line":52,"column":18},"end":{"line":52,"column":27}}]},"12":{"loc":{"start":{"line":58,"column":8},"end":{"line":60,"column":9}},"type":"if","locations":[{"start":{"line":58,"column":8},"end":{"line":60,"column":9}}]},"13":{"loc":{"start":{"line":87,"column":4},"end":{"line":91,"column":5}},"type":"if","locations":[{"start":{"line":87,"column":4},"end":{"line":91,"column":5}},{"start":{"line":89,"column":11},"end":{"line":91,"column":5}}]},"14":{"loc":{"start":{"line":102,"column":4},"end":{"line":104,"column":5}},"type":"if","locations":[{"start":{"line":102,"column":4},"end":{"line":104,"column":5}}]},"15":{"loc":{"start":{"line":102,"column":8},"end":{"line":102,"column":27}},"type":"binary-expr","locations":[{"start":{"line":102,"column":8},"end":{"line":102,"column":14}},{"start":{"line":102,"column":18},"end":{"line":102,"column":27}}]},"16":{"loc":{"start":{"line":107,"column":8},"end":{"line":109,"column":9}},"type":"if","locations":[{"start":{"line":107,"column":8},"end":{"line":109,"column":9}}]},"17":{"loc":{"start":{"line":111,"column":8},"end":{"line":113,"column":9}},"type":"if","locations":[{"start":{"line":111,"column":8},"end":{"line":113,"column":9}}]},"18":{"loc":{"start":{"line":131,"column":25},"end":{"line":131,"column":63}},"type":"binary-expr","locations":[{"start":{"line":131,"column":25},"end":{"line":131,"column":35}},{"start":{"line":131,"column":39},"end":{"line":131,"column":63}}]},"19":{"loc":{"start":{"line":141,"column":8},"end":{"line":141,"column":70}},"type":"if","locations":[{"start":{"line":141,"column":8},"end":{"line":141,"column":70}}]},"20":{"loc":{"start":{"line":145,"column":12},"end":{"line":157,"column":13}},"type":"if","locations":[{"start":{"line":145,"column":12},"end":{"line":157,"column":13}},{"start":{"line":152,"column":19},"end":{"line":157,"column":13}}]},"21":{"loc":{"start":{"line":145,"column":16},"end":{"line":145,"column":85}},"type":"binary-expr","locations":[{"start":{"line":145,"column":16},"end":{"line":145,"column":37}},{"start":{"line":145,"column":41},"end":{"line":145,"column":85}}]},"22":{"loc":{"start":{"line":166,"column":25},"end":{"line":166,"column":63}},"type":"binary-expr","locations":[{"start":{"line":166,"column":25},"end":{"line":166,"column":35}},{"start":{"line":166,"column":39},"end":{"line":166,"column":63}}]},"23":{"loc":{"start":{"line":167,"column":4},"end":{"line":167,"column":57}},"type":"if","locations":[{"start":{"line":167,"column":4},"end":{"line":167,"column":57}}]},"24":{"loc":{"start":{"line":169,"column":8},"end":{"line":172,"column":9}},"type":"if","locations":[{"start":{"line":169,"column":8},"end":{"line":172,"column":9}}]},"25":{"loc":{"start":{"line":175,"column":12},"end":{"line":180,"column":13}},"type":"if","locations":[{"start":{"line":175,"column":12},"end":{"line":180,"column":13}}]},"26":{"loc":{"start":{"line":175,"column":16},"end":{"line":175,"column":85}},"type":"binary-expr","locations":[{"start":{"line":175,"column":16},"end":{"line":175,"column":37}},{"start":{"line":175,"column":41},"end":{"line":175,"column":85}}]}},"s":{"0":4,"1":4,"2":4,"3":4,"4":4,"5":4,"6":1,"7":1,"8":1,"9":1,"10":1,"11":1,"12":1,"13":1,"14":0,"15":1,"16":1,"17":0,"18":4,"19":7,"20":7,"21":7,"22":7,"23":7,"24":7,"25":2,"26":5,"27":5,"28":5,"29":1,"30":4,"31":4,"32":4,"33":4,"34":4,"35":0,"36":4,"37":9,"38":9,"39":9,"40":9,"41":0,"42":9,"43":9,"44":9,"45":4,"46":6,"47":6,"48":6,"49":6,"50":1,"51":5,"52":5,"53":5,"54":1,"55":4,"56":4,"57":0,"58":4,"59":4,"60":0,"61":4,"62":2,"63":2,"64":2,"65":2,"66":2,"67":2,"68":1,"69":1,"70":1,"71":1,"72":0,"73":0,"74":0,"75":1,"76":1,"77":1,"78":1,"79":0,"80":4,"81":1,"82":1,"83":1,"84":1,"85":0,"86":1,"87":1,"88":1,"89":0,"90":1,"91":1,"92":1,"93":0,"94":0,"95":0,"96":1,"97":1,"98":1,"99":2,"100":1,"101":1,"102":1,"103":0,"104":4,"105":4,"106":0,"107":0,"108":0,"109":0,"110":4},"f":{"0":1,"1":1,"2":7,"3":7,"4":9,"5":9,"6":6,"7":6,"8":2,"9":2,"10":2,"11":2,"12":1,"13":1,"14":1,"15":1,"16":1,"17":2,"18":0,"19":0},"b":{"0":[0,1],"1":[1,1],"2":[1],"3":[0],"4":[0,0],"5":[0,0],"6":[0,0],"7":[0,0],"8":[0,0],"9":[0,0],"10":[2],"11":[7,6],"12":[1],"13":[0,9],"14":[1],"15":[6,5],"16":[1],"17":[0],"18":[2,2],"19":[1],"20":[0,1],"21":[1,1],"22":[1,1],"23":[0],"24":[0],"25":[0],"26":[1,1]}}
,"C:\\Users\\97252\\Documents\\College\\EDVENCE\\Group47-b\\src\\controllers\\base_controller.ts": {"path":"C:\\Users\\97252\\Documents\\College\\EDVENCE\\Group47-b\\src\\controllers\\base_controller.ts","statementMap":{"0":{"start":{"line":8,"column":8},"end":{"line":8,"column":27}},"1":{"start":{"line":41,"column":12},"end":{"line":47,"column":13}},"2":{"start":{"line":41,"column":29},"end":{"line":41,"column":37}},"3":{"start":{"line":42,"column":24},"end":{"line":42,"column":53}},"4":{"start":{"line":43,"column":12},"end":{"line":43,"column":38}},"5":{"start":{"line":46,"column":16},"end":{"line":46,"column":63}},"6":{"start":{"line":52,"column":24},"end":{"line":52,"column":98}},"7":{"start":{"line":53,"column":12},"end":{"line":53,"column":38}},"8":{"start":{"line":57,"column":46},"end":{"line":57,"column":68}},"9":{"start":{"line":58,"column":8},"end":{"line":59,"column":44}},"10":{"start":{"line":59,"column":12},"end":{"line":59,"column":41}},"11":{"start":{"line":4,"column":0},"end":{"line":4,"column":13}},"12":{"start":{"line":67,"column":25},"end":{"line":69,"column":1}},"13":{"start":{"line":68,"column":4},"end":{"line":68,"column":48}},"14":{"start":{"line":71,"column":0},"end":{"line":71,"column":32}}},"fnMap":{"0":{"name":"(anonymous_7)","decl":{"start":{"line":7,"column":4},"end":{"line":7,"column":16}},"loc":{"start":{"line":7,"column":39},"end":{"line":9,"column":5}}},"1":{"name":"(anonymous_8)","decl":{"start":{"line":40,"column":10},"end":{"line":40,"column":14}},"loc":{"start":{"line":40,"column":42},"end":{"line":49,"column":null}}},"2":{"name":"(anonymous_10)","decl":{"start":{"line":51,"column":10},"end":{"line":51,"column":17}},"loc":{"start":{"line":51,"column":45},"end":{"line":54,"column":null}}},"3":{"name":"(anonymous_12)","decl":{"start":{"line":56,"column":10},"end":{"line":56,"column":20}},"loc":{"start":{"line":56,"column":48},"end":{"line":64,"column":null}}},"4":{"name":"(anonymous_14)","decl":{"start":{"line":58,"column":47},"end":{"line":58,"column":53}},"loc":{"start":{"line":58,"column":56},"end":{"line":59,"column":42}}},"5":{"name":"(anonymous_15)","decl":{"start":{"line":67,"column":25},"end":{"line":67,"column":37}},"loc":{"start":{"line":67,"column":64},"end":{"line":69,"column":1}}}},"branchMap":{},"s":{"0":12,"1":5,"2":5,"3":5,"4":4,"5":1,"6":2,"7":2,"8":3,"9":3,"10":3,"11":4,"12":4,"13":0,"14":4},"f":{"0":12,"1":5,"2":2,"3":3,"4":3,"5":0},"b":{}}
,"C:\\Users\\97252\\Documents\\College\\EDVENCE\\Group47-b\\src\\controllers\\course_controller.ts": {"path":"C:\\Users\\97252\\Documents\\College\\EDVENCE\\Group47-b\\src\\controllers\\course_controller.ts","statementMap":{"0":{"start":{"line":1,"column":0},"end":{"line":1,"column":63}},"1":{"start":{"line":2,"column":0},"end":{"line":2,"column":52}},"2":{"start":{"line":5,"column":0},"end":{"line":5,"column":48}},"3":{"start":{"line":6,"column":0},"end":{"line":6,"column":68}},"4":{"start":{"line":7,"column":13},"end":{"line":7,"column":28}},"5":{"start":{"line":13,"column":8},"end":{"line":13,"column":null}},"6":{"start":{"line":19,"column":8},"end":{"line":42,"column":9}},"7":{"start":{"line":21,"column":12},"end":{"line":23,"column":13}},"8":{"start":{"line":22,"column":16},"end":{"line":22,"column":59}},"9":{"start":{"line":24,"column":12},"end":{"line":26,"column":13}},"10":{"start":{"line":25,"column":16},"end":{"line":25,"column":101}},"11":{"start":{"line":27,"column":12},"end":{"line":29,"column":13}},"12":{"start":{"line":28,"column":16},"end":{"line":28,"column":89}},"13":{"start":{"line":30,"column":12},"end":{"line":32,"column":13}},"14":{"start":{"line":31,"column":16},"end":{"line":31,"column":103}},"15":{"start":{"line":33,"column":12},"end":{"line":35,"column":13}},"16":{"start":{"line":34,"column":16},"end":{"line":34,"column":82}},"17":{"start":{"line":36,"column":24},"end":{"line":36,"column":53}},"18":{"start":{"line":37,"column":12},"end":{"line":37,"column":38}},"19":{"start":{"line":40,"column":24},"end":{"line":40,"column":47}},"20":{"start":{"line":41,"column":12},"end":{"line":41,"column":38}},"21":{"start":{"line":84,"column":20},"end":{"line":84,"column":32}},"22":{"start":{"line":85,"column":8},"end":{"line":94,"column":9}},"23":{"start":{"line":86,"column":12},"end":{"line":91,"column":15}},"24":{"start":{"line":87,"column":16},"end":{"line":87,"column":45}},"25":{"start":{"line":88,"column":16},"end":{"line":88,"column":35}},"26":{"start":{"line":89,"column":16},"end":{"line":89,"column":37}},"27":{"start":{"line":90,"column":16},"end":{"line":90,"column":37}},"28":{"start":{"line":93,"column":12},"end":{"line":93,"column":59}},"29":{"start":{"line":99,"column":8},"end":{"line":104,"column":9}},"30":{"start":{"line":101,"column":12},"end":{"line":101,"column":null}},"31":{"start":{"line":103,"column":12},"end":{"line":103,"column":87}},"32":{"start":{"line":108,"column":8},"end":{"line":113,"column":9}},"33":{"start":{"line":109,"column":24},"end":{"line":109,"column":72}},"34":{"start":{"line":110,"column":12},"end":{"line":110,"column":38}},"35":{"start":{"line":112,"column":12},"end":{"line":112,"column":59}},"36":{"start":{"line":116,"column":26},"end":{"line":116,"column":68}},"37":{"start":{"line":117,"column":8},"end":{"line":129,"column":9}},"38":{"start":{"line":120,"column":12},"end":{"line":120,"column":91}},"39":{"start":{"line":122,"column":13},"end":{"line":129,"column":9}},"40":{"start":{"line":124,"column":16},"end":{"line":124,"column":111}},"41":{"start":{"line":128,"column":12},"end":{"line":128,"column":36}},"42":{"start":{"line":149,"column":8},"end":{"line":149,"column":43}},"43":{"start":{"line":151,"column":8},"end":{"line":157,"column":9}},"44":{"start":{"line":152,"column":12},"end":{"line":152,"column":81}},"45":{"start":{"line":153,"column":29},"end":{"line":153,"column":71}},"46":{"start":{"line":154,"column":12},"end":{"line":154,"column":39}},"47":{"start":{"line":156,"column":12},"end":{"line":156,"column":59}},"48":{"start":{"line":161,"column":0},"end":{"line":161,"column":37}}},"fnMap":{"0":{"name":"(anonymous_8)","decl":{"start":{"line":12,"column":4},"end":{"line":12,"column":null}},"loc":{"start":{"line":12,"column":4},"end":{"line":14,"column":5}}},"1":{"name":"(anonymous_9)","decl":{"start":{"line":16,"column":10},"end":{"line":16,"column":13}},"loc":{"start":{"line":16,"column":41},"end":{"line":80,"column":null}}},"2":{"name":"(anonymous_11)","decl":{"start":{"line":83,"column":10},"end":{"line":83,"column":14}},"loc":{"start":{"line":83,"column":47},"end":{"line":96,"column":null}}},"3":{"name":"(anonymous_14)","decl":{"start":{"line":86,"column":39},"end":{"line":86,"column":40}},"loc":{"start":{"line":86,"column":58},"end":{"line":91,"column":13}}},"4":{"name":"(anonymous_15)","decl":{"start":{"line":97,"column":10},"end":{"line":97,"column":19}},"loc":{"start":{"line":97,"column":52},"end":{"line":105,"column":null}}},"5":{"name":"(anonymous_17)","decl":{"start":{"line":106,"column":10},"end":{"line":106,"column":21}},"loc":{"start":{"line":106,"column":54},"end":{"line":114,"column":null}}},"6":{"name":"(anonymous_19)","decl":{"start":{"line":115,"column":10},"end":{"line":115,"column":17}},"loc":{"start":{"line":115,"column":50},"end":{"line":147,"column":null}}},"7":{"name":"(anonymous_22)","decl":{"start":{"line":148,"column":10},"end":{"line":148,"column":20}},"loc":{"start":{"line":148,"column":53},"end":{"line":158,"column":null}}}},"branchMap":{"0":{"loc":{"start":{"line":19,"column":8},"end":{"line":42,"column":9}},"type":"if","locations":[{"start":{"line":19,"column":8},"end":{"line":42,"column":9}},{"start":{"line":39,"column":13},"end":{"line":42,"column":9}}]},"1":{"loc":{"start":{"line":19,"column":12},"end":{"line":19,"column":110}},"type":"binary-expr","locations":[{"start":{"line":19,"column":12},"end":{"line":19,"column":24}},{"start":{"line":19,"column":28},"end":{"line":19,"column":48}},{"start":{"line":19,"column":52},"end":{"line":19,"column":66}},{"start":{"line":19,"column":70},"end":{"line":19,"column":91}},{"start":{"line":19,"column":95},"end":{"line":19,"column":110}}]},"2":{"loc":{"start":{"line":21,"column":12},"end":{"line":23,"column":13}},"type":"if","locations":[{"start":{"line":21,"column":12},"end":{"line":23,"column":13}}]},"3":{"loc":{"start":{"line":24,"column":12},"end":{"line":26,"column":13}},"type":"if","locations":[{"start":{"line":24,"column":12},"end":{"line":26,"column":13}}]},"4":{"loc":{"start":{"line":27,"column":12},"end":{"line":29,"column":13}},"type":"if","locations":[{"start":{"line":27,"column":12},"end":{"line":29,"column":13}}]},"5":{"loc":{"start":{"line":30,"column":12},"end":{"line":32,"column":13}},"type":"if","locations":[{"start":{"line":30,"column":12},"end":{"line":32,"column":13}}]},"6":{"loc":{"start":{"line":33,"column":12},"end":{"line":35,"column":13}},"type":"if","locations":[{"start":{"line":33,"column":12},"end":{"line":35,"column":13}}]},"7":{"loc":{"start":{"line":117,"column":8},"end":{"line":129,"column":9}},"type":"if","locations":[{"start":{"line":117,"column":8},"end":{"line":129,"column":9}},{"start":{"line":122,"column":13},"end":{"line":129,"column":9}}]},"8":{"loc":{"start":{"line":117,"column":12},"end":{"line":119,"column":48}},"type":"binary-expr","locations":[{"start":{"line":117,"column":12},"end":{"line":117,"column":56}},{"start":{"line":118,"column":16},"end":{"line":118,"column":45}},{"start":{"line":119,"column":16},"end":{"line":119,"column":48}}]},"9":{"loc":{"start":{"line":122,"column":13},"end":{"line":129,"column":9}},"type":"if","locations":[{"start":{"line":122,"column":13},"end":{"line":129,"column":9}},{"start":{"line":127,"column":8},"end":{"line":129,"column":9}}]},"10":{"loc":{"start":{"line":122,"column":17},"end":{"line":123,"column":51}},"type":"binary-expr","locations":[{"start":{"line":122,"column":17},"end":{"line":122,"column":53}},{"start":{"line":123,"column":15},"end":{"line":123,"column":51}}]}},"s":{"0":4,"1":4,"2":4,"3":4,"4":4,"5":4,"6":14,"7":5,"8":0,"9":5,"10":2,"11":5,"12":1,"13":5,"14":1,"15":5,"16":1,"17":5,"18":5,"19":9,"20":9,"21":3,"22":3,"23":3,"24":3,"25":3,"26":3,"27":3,"28":0,"29":0,"30":0,"31":0,"32":1,"33":1,"34":1,"35":0,"36":1,"37":1,"38":0,"39":1,"40":0,"41":1,"42":2,"43":2,"44":2,"45":2,"46":1,"47":1,"48":4},"f":{"0":4,"1":14,"2":3,"3":3,"4":0,"5":1,"6":1,"7":2},"b":{"0":[5,9],"1":[14,14,12,11,10],"2":[0],"3":[2],"4":[1],"5":[1],"6":[1],"7":[0,1],"8":[1,1,1],"9":[0,1],"10":[1,1]}}
,"C:\\Users\\97252\\Documents\\College\\EDVENCE\\Group47-b\\src\\controllers\\course_reviews_controller.ts": {"path":"C:\\Users\\97252\\Documents\\College\\EDVENCE\\Group47-b\\src\\controllers\\course_reviews_controller.ts","statementMap":{"0":{"start":{"line":1,"column":0},"end":{"line":1,"column":78}},"1":{"start":{"line":2,"column":0},"end":{"line":2,"column":51}},"2":{"start":{"line":5,"column":0},"end":{"line":5,"column":92}},"3":{"start":{"line":12,"column":8},"end":{"line":12,"column":null}},"4":{"start":{"line":15,"column":8},"end":{"line":15,"column":47}},"5":{"start":{"line":16,"column":8},"end":{"line":16,"column":70}},"6":{"start":{"line":19,"column":8},"end":{"line":46,"column":9}},"7":{"start":{"line":20,"column":10},"end":{"line":20,"column":48}},"8":{"start":{"line":24,"column":10},"end":{"line":27,"column":11}},"9":{"start":{"line":25,"column":12},"end":{"line":25,"column":null}},"10":{"start":{"line":29,"column":10},"end":{"line":32,"column":11}},"11":{"start":{"line":30,"column":12},"end":{"line":30,"column":null}},"12":{"start":{"line":34,"column":10},"end":{"line":37,"column":11}},"13":{"start":{"line":35,"column":12},"end":{"line":35,"column":null}},"14":{"start":{"line":39,"column":22},"end":{"line":39,"column":51}},"15":{"start":{"line":40,"column":10},"end":{"line":40,"column":36}},"16":{"start":{"line":42,"column":10},"end":{"line":42,"column":54}},"17":{"start":{"line":44,"column":22},"end":{"line":44,"column":45}},"18":{"start":{"line":45,"column":10},"end":{"line":45,"column":36}},"19":{"start":{"line":84,"column":8},"end":{"line":84,"column":41}},"20":{"start":{"line":86,"column":13},"end":{"line":89,"column":15}},"21":{"start":{"line":87,"column":16},"end":{"line":87,"column":45}},"22":{"start":{"line":90,"column":35},"end":{"line":90,"column":53}},"23":{"start":{"line":91,"column":26},"end":{"line":91,"column":68}},"24":{"start":{"line":95,"column":8},"end":{"line":95,"column":29}},"25":{"start":{"line":99,"column":24},"end":{"line":99,"column":76}},"26":{"start":{"line":101,"column":12},"end":{"line":101,"column":38}},"27":{"start":{"line":117,"column":27},"end":{"line":117,"column":69}},"28":{"start":{"line":121,"column":35},"end":{"line":121,"column":51}},"29":{"start":{"line":123,"column":12},"end":{"line":123,"column":55}},"30":{"start":{"line":124,"column":12},"end":{"line":124,"column":39}},"31":{"start":{"line":129,"column":27},"end":{"line":129,"column":69}},"32":{"start":{"line":130,"column":8},"end":{"line":138,"column":9}},"33":{"start":{"line":135,"column":16},"end":{"line":135,"column":40}},"34":{"start":{"line":137,"column":12},"end":{"line":137,"column":102}},"35":{"start":{"line":143,"column":0},"end":{"line":143,"column":46}}},"fnMap":{"0":{"name":"(anonymous_8)","decl":{"start":{"line":11,"column":4},"end":{"line":11,"column":null}},"loc":{"start":{"line":11,"column":4},"end":{"line":13,"column":5}}},"1":{"name":"(anonymous_9)","decl":{"start":{"line":14,"column":10},"end":{"line":14,"column":13}},"loc":{"start":{"line":14,"column":46},"end":{"line":47,"column":null}}},"2":{"name":"(anonymous_11)","decl":{"start":{"line":81,"column":10},"end":{"line":81,"column":14}},"loc":{"start":{"line":81,"column":47},"end":{"line":96,"column":null}}},"3":{"name":"(anonymous_14)","decl":{"start":{"line":86,"column":60},"end":{"line":86,"column":61}},"loc":{"start":{"line":86,"column":79},"end":{"line":89,"column":13}}},"4":{"name":"(anonymous_15)","decl":{"start":{"line":97,"column":10},"end":{"line":97,"column":21}},"loc":{"start":{"line":97,"column":54},"end":{"line":103,"column":null}}},"5":{"name":"(anonymous_17)","decl":{"start":{"line":115,"column":10},"end":{"line":115,"column":20}},"loc":{"start":{"line":115,"column":53},"end":{"line":125,"column":null}}},"6":{"name":"(anonymous_20)","decl":{"start":{"line":126,"column":10},"end":{"line":126,"column":17}},"loc":{"start":{"line":126,"column":50},"end":{"line":139,"column":null}}}},"branchMap":{"0":{"loc":{"start":{"line":19,"column":8},"end":{"line":46,"column":9}},"type":"if","locations":[{"start":{"line":19,"column":8},"end":{"line":46,"column":9}},{"start":{"line":41,"column":15},"end":{"line":46,"column":9}}]},"1":{"loc":{"start":{"line":19,"column":12},"end":{"line":19,"column":72}},"type":"binary-expr","locations":[{"start":{"line":19,"column":12},"end":{"line":19,"column":31}},{"start":{"line":19,"column":35},"end":{"line":19,"column":53}},{"start":{"line":19,"column":57},"end":{"line":19,"column":72}}]},"2":{"loc":{"start":{"line":24,"column":10},"end":{"line":27,"column":11}},"type":"if","locations":[{"start":{"line":24,"column":10},"end":{"line":27,"column":11}}]},"3":{"loc":{"start":{"line":29,"column":10},"end":{"line":32,"column":11}},"type":"if","locations":[{"start":{"line":29,"column":10},"end":{"line":32,"column":11}}]},"4":{"loc":{"start":{"line":34,"column":10},"end":{"line":37,"column":11}},"type":"if","locations":[{"start":{"line":34,"column":10},"end":{"line":37,"column":11}}]},"5":{"loc":{"start":{"line":130,"column":8},"end":{"line":138,"column":9}},"type":"if","locations":[{"start":{"line":130,"column":8},"end":{"line":138,"column":9}},{"start":{"line":136,"column":15},"end":{"line":138,"column":9}}]},"6":{"loc":{"start":{"line":130,"column":12},"end":{"line":134,"column":45}},"type":"binary-expr","locations":[{"start":{"line":130,"column":12},"end":{"line":130,"column":54}},{"start":{"line":131,"column":15},"end":{"line":131,"column":61}},{"start":{"line":132,"column":15},"end":{"line":132,"column":55}},{"start":{"line":133,"column":15},"end":{"line":133,"column":59}},{"start":{"line":134,"column":15},"end":{"line":134,"column":45}}]}},"s":{"0":4,"1":4,"2":4,"3":4,"4":9,"5":9,"6":9,"7":4,"8":4,"9":2,"10":4,"11":0,"12":4,"13":2,"14":4,"15":4,"16":5,"17":5,"18":5,"19":2,"20":2,"21":2,"22":2,"23":2,"24":2,"25":1,"26":1,"27":2,"28":2,"29":2,"30":2,"31":2,"32":2,"33":1,"34":1,"35":4},"f":{"0":4,"1":9,"2":2,"3":2,"4":1,"5":2,"6":2},"b":{"0":[4,5],"1":[9,7,7],"2":[2],"3":[0],"4":[2],"5":[1,1],"6":[2,1,1,1,1]}}
,"C:\\Users\\97252\\Documents\\College\\EDVENCE\\Group47-b\\src\\controllers\\user_controller.ts": {"path":"C:\\Users\\97252\\Documents\\College\\EDVENCE\\Group47-b\\src\\controllers\\user_controller.ts","statementMap":{"0":{"start":{"line":1,"column":0},"end":{"line":1,"column":51}},"1":{"start":{"line":2,"column":0},"end":{"line":2,"column":51}},"2":{"start":{"line":5,"column":13},"end":{"line":5,"column":28}},"3":{"start":{"line":10,"column":8},"end":{"line":10,"column":null}},"4":{"start":{"line":15,"column":8},"end":{"line":30,"column":9}},"5":{"start":{"line":16,"column":12},"end":{"line":16,"column":null}},"6":{"start":{"line":17,"column":12},"end":{"line":17,"column":57}},"7":{"start":{"line":18,"column":12},"end":{"line":18,"column":null}},"8":{"start":{"line":19,"column":12},"end":{"line":22,"column":13}},"9":{"start":{"line":20,"column":16},"end":{"line":20,"column":null}},"10":{"start":{"line":21,"column":16},"end":{"line":21,"column":75}},"11":{"start":{"line":24,"column":25},"end":{"line":24,"column":83}},"12":{"start":{"line":25,"column":12},"end":{"line":25,"column":39}},"13":{"start":{"line":27,"column":12},"end":{"line":27,"column":null}},"14":{"start":{"line":29,"column":12},"end":{"line":29,"column":28}},"15":{"start":{"line":35,"column":8},"end":{"line":42,"column":9}},"16":{"start":{"line":37,"column":12},"end":{"line":37,"column":89}},"17":{"start":{"line":38,"column":12},"end":{"line":38,"column":null}},"18":{"start":{"line":41,"column":12},"end":{"line":41,"column":59}},"19":{"start":{"line":46,"column":8},"end":{"line":59,"column":9}},"20":{"start":{"line":48,"column":12},"end":{"line":48,"column":76}},"21":{"start":{"line":48,"column":32},"end":{"line":48,"column":76}},"22":{"start":{"line":49,"column":12},"end":{"line":49,"column":79}},"23":{"start":{"line":49,"column":33},"end":{"line":49,"column":79}},"24":{"start":{"line":50,"column":12},"end":{"line":50,"column":82}},"25":{"start":{"line":50,"column":34},"end":{"line":50,"column":82}},"26":{"start":{"line":51,"column":12},"end":{"line":51,"column":91}},"27":{"start":{"line":51,"column":37},"end":{"line":51,"column":91}},"28":{"start":{"line":53,"column":24},"end":{"line":53,"column":53}},"29":{"start":{"line":54,"column":12},"end":{"line":54,"column":38}},"30":{"start":{"line":57,"column":24},"end":{"line":57,"column":47}},"31":{"start":{"line":58,"column":12},"end":{"line":58,"column":38}},"32":{"start":{"line":64,"column":8},"end":{"line":76,"column":9}},"33":{"start":{"line":65,"column":24},"end":{"line":65,"column":63}},"34":{"start":{"line":66,"column":28},"end":{"line":71,"column":null}},"35":{"start":{"line":73,"column":12},"end":{"line":73,"column":30}},"36":{"start":{"line":75,"column":12},"end":{"line":75,"column":59}},"37":{"start":{"line":79,"column":8},"end":{"line":89,"column":9}},"38":{"start":{"line":80,"column":25},"end":{"line":80,"column":98}},"39":{"start":{"line":85,"column":12},"end":{"line":85,"column":39}},"40":{"start":{"line":88,"column":12},"end":{"line":88,"column":59}},"41":{"start":{"line":93,"column":0},"end":{"line":93,"column":36}}},"fnMap":{"0":{"name":"(anonymous_8)","decl":{"start":{"line":9,"column":4},"end":{"line":9,"column":null}},"loc":{"start":{"line":9,"column":4},"end":{"line":11,"column":5}}},"1":{"name":"(anonymous_9)","decl":{"start":{"line":13,"column":10},"end":{"line":13,"column":27}},"loc":{"start":{"line":13,"column":60},"end":{"line":31,"column":null}}},"2":{"name":"(anonymous_11)","decl":{"start":{"line":32,"column":10},"end":{"line":32,"column":25}},"loc":{"start":{"line":32,"column":58},"end":{"line":43,"column":null}}},"3":{"name":"(anonymous_13)","decl":{"start":{"line":44,"column":10},"end":{"line":44,"column":13}},"loc":{"start":{"line":44,"column":46},"end":{"line":61,"column":null}}},"4":{"name":"(anonymous_15)","decl":{"start":{"line":62,"column":10},"end":{"line":62,"column":17}},"loc":{"start":{"line":62,"column":50},"end":{"line":76,"column":null}}},"5":{"name":"(anonymous_17)","decl":{"start":{"line":77,"column":10},"end":{"line":77,"column":17}},"loc":{"start":{"line":77,"column":50},"end":{"line":90,"column":null}}}},"branchMap":{"0":{"loc":{"start":{"line":19,"column":12},"end":{"line":22,"column":13}},"type":"if","locations":[{"start":{"line":19,"column":12},"end":{"line":22,"column":13}}]},"1":{"loc":{"start":{"line":46,"column":8},"end":{"line":59,"column":9}},"type":"if","locations":[{"start":{"line":46,"column":8},"end":{"line":59,"column":9}},{"start":{"line":56,"column":13},"end":{"line":59,"column":9}}]},"2":{"loc":{"start":{"line":46,"column":12},"end":{"line":46,"column":88}},"type":"binary-expr","locations":[{"start":{"line":46,"column":12},"end":{"line":46,"column":26}},{"start":{"line":46,"column":30},"end":{"line":46,"column":45}},{"start":{"line":46,"column":49},"end":{"line":46,"column":65}},{"start":{"line":46,"column":69},"end":{"line":46,"column":88}}]},"3":{"loc":{"start":{"line":48,"column":12},"end":{"line":48,"column":76}},"type":"if","locations":[{"start":{"line":48,"column":12},"end":{"line":48,"column":76}}]},"4":{"loc":{"start":{"line":49,"column":12},"end":{"line":49,"column":79}},"type":"if","locations":[{"start":{"line":49,"column":12},"end":{"line":49,"column":79}}]},"5":{"loc":{"start":{"line":50,"column":12},"end":{"line":50,"column":82}},"type":"if","locations":[{"start":{"line":50,"column":12},"end":{"line":50,"column":82}}]},"6":{"loc":{"start":{"line":51,"column":12},"end":{"line":51,"column":91}},"type":"if","locations":[{"start":{"line":51,"column":12},"end":{"line":51,"column":91}}]}},"s":{"0":4,"1":4,"2":4,"3":4,"4":2,"5":2,"6":2,"7":2,"8":2,"9":1,"10":1,"11":2,"12":2,"13":1,"14":1,"15":1,"16":1,"17":1,"18":0,"19":4,"20":3,"21":1,"22":3,"23":1,"24":3,"25":1,"26":3,"27":0,"28":3,"29":3,"30":1,"31":1,"32":2,"33":2,"34":2,"35":2,"36":0,"37":1,"38":1,"39":1,"40":0,"41":4},"f":{"0":4,"1":2,"2":1,"3":4,"4":2,"5":1},"b":{"0":[1],"1":[3,1],"2":[4,3,2,1],"3":[1],"4":[1],"5":[1],"6":[0]}}
,"C:\\Users\\97252\\Documents\\College\\EDVENCE\\Group47-b\\src\\models\\course_model.ts": {"path":"C:\\Users\\97252\\Documents\\College\\EDVENCE\\Group47-b\\src\\models\\course_model.ts","statementMap":{"0":{"start":{"line":1,"column":0},"end":{"line":1,"column":32}},"1":{"start":{"line":12,"column":20},"end":{"line":36,"column":2}},"2":{"start":{"line":38,"column":0},"end":{"line":38,"column":62}}},"fnMap":{},"branchMap":{},"s":{"0":4,"1":4,"2":4},"f":{},"b":{}}
,"C:\\Users\\97252\\Documents\\College\\EDVENCE\\Group47-b\\src\\models\\courses_reviews_model.ts": {"path":"C:\\Users\\97252\\Documents\\College\\EDVENCE\\Group47-b\\src\\models\\courses_reviews_model.ts","statementMap":{"0":{"start":{"line":1,"column":0},"end":{"line":1,"column":32}},"1":{"start":{"line":14,"column":27},"end":{"line":42,"column":2}},"2":{"start":{"line":44,"column":0},"end":{"line":44,"column":81}}},"fnMap":{},"branchMap":{},"s":{"0":4,"1":4,"2":4},"f":{},"b":{}}
,"C:\\Users\\97252\\Documents\\College\\EDVENCE\\Group47-b\\src\\models\\user_model.ts": {"path":"C:\\Users\\97252\\Documents\\College\\EDVENCE\\Group47-b\\src\\models\\user_model.ts","statementMap":{"0":{"start":{"line":1,"column":0},"end":{"line":1,"column":32}},"1":{"start":{"line":12,"column":19},"end":{"line":32,"column":2}},"2":{"start":{"line":34,"column":0},"end":{"line":34,"column":57}}},"fnMap":{},"branchMap":{},"s":{"0":4,"1":4,"2":4},"f":{},"b":{}}
,"C:\\Users\\97252\\Documents\\College\\EDVENCE\\Group47-b\\src\\routes\\auth_route.ts": {"path":"C:\\Users\\97252\\Documents\\College\\EDVENCE\\Group47-b\\src\\routes\\auth_route.ts","statementMap":{"0":{"start":{"line":1,"column":0},"end":{"line":1,"column":30}},"1":{"start":{"line":2,"column":15},"end":{"line":2,"column":31}},"2":{"start":{"line":3,"column":0},"end":{"line":3,"column":60}},"3":{"start":{"line":5,"column":0},"end":{"line":5,"column":50}},"4":{"start":{"line":6,"column":0},"end":{"line":6,"column":52}},"5":{"start":{"line":7,"column":0},"end":{"line":7,"column":44}},"6":{"start":{"line":8,"column":0},"end":{"line":8,"column":45}},"7":{"start":{"line":9,"column":0},"end":{"line":9,"column":47}},"8":{"start":{"line":10,"column":0},"end":{"line":10,"column":64}},"9":{"start":{"line":242,"column":0},"end":{"line":242,"column":22}}},"fnMap":{},"branchMap":{},"s":{"0":4,"1":4,"2":4,"3":4,"4":4,"5":4,"6":4,"7":4,"8":4,"9":4},"f":{},"b":{}}
,"C:\\Users\\97252\\Documents\\College\\EDVENCE\\Group47-b\\src\\routes\\courses_reviews_route.ts": {"path":"C:\\Users\\97252\\Documents\\College\\EDVENCE\\Group47-b\\src\\routes\\courses_reviews_route.ts","statementMap":{"0":{"start":{"line":1,"column":0},"end":{"line":1,"column":30}},"1":{"start":{"line":2,"column":15},"end":{"line":2,"column":31}},"2":{"start":{"line":3,"column":0},"end":{"line":3,"column":80}},"3":{"start":{"line":4,"column":0},"end":{"line":4,"column":55}},"4":{"start":{"line":7,"column":0},"end":{"line":7,"column":77}},"5":{"start":{"line":9,"column":0},"end":{"line":9,"column":88}},"6":{"start":{"line":14,"column":0},"end":{"line":14,"column":95}},"7":{"start":{"line":16,"column":0},"end":{"line":16,"column":100}},"8":{"start":{"line":18,"column":0},"end":{"line":18,"column":106}},"9":{"start":{"line":20,"column":0},"end":{"line":20,"column":22}}},"fnMap":{},"branchMap":{},"s":{"0":4,"1":4,"2":4,"3":4,"4":4,"5":4,"6":4,"7":4,"8":4,"9":4},"f":{},"b":{}}
,"C:\\Users\\97252\\Documents\\College\\EDVENCE\\Group47-b\\src\\routes\\courses_route.ts": {"path":"C:\\Users\\97252\\Documents\\College\\EDVENCE\\Group47-b\\src\\routes\\courses_route.ts","statementMap":{"0":{"start":{"line":1,"column":0},"end":{"line":1,"column":30}},"1":{"start":{"line":2,"column":15},"end":{"line":2,"column":31}},"2":{"start":{"line":3,"column":0},"end":{"line":3,"column":65}},"3":{"start":{"line":4,"column":0},"end":{"line":4,"column":55}},"4":{"start":{"line":5,"column":0},"end":{"line":5,"column":51}},"5":{"start":{"line":14,"column":0},"end":{"line":14,"column":63}},"6":{"start":{"line":18,"column":0},"end":{"line":18,"column":89}},"7":{"start":{"line":21,"column":0},"end":{"line":21,"column":81}},"8":{"start":{"line":23,"column":0},"end":{"line":23,"column":126}},"9":{"start":{"line":24,"column":0},"end":{"line":24,"column":86}},"10":{"start":{"line":26,"column":0},"end":{"line":26,"column":92}},"11":{"start":{"line":28,"column":0},"end":{"line":28,"column":22}}},"fnMap":{},"branchMap":{},"s":{"0":4,"1":4,"2":4,"3":4,"4":4,"5":4,"6":4,"7":4,"8":4,"9":4,"10":4,"11":4},"f":{},"b":{}}
,"C:\\Users\\97252\\Documents\\College\\EDVENCE\\Group47-b\\src\\routes\\specific_route.ts": {"path":"C:\\Users\\97252\\Documents\\College\\EDVENCE\\Group47-b\\src\\routes\\specific_route.ts","statementMap":{"0":{"start":{"line":1,"column":0},"end":{"line":1,"column":30}},"1":{"start":{"line":2,"column":15},"end":{"line":2,"column":31}},"2":{"start":{"line":3,"column":0},"end":{"line":3,"column":55}},"3":{"start":{"line":6,"column":0},"end":{"line":6,"column":78}},"4":{"start":{"line":8,"column":0},"end":{"line":19,"column":3}},"5":{"start":{"line":8,"column":74},"end":{"line":19,"column":2}},"6":{"start":{"line":11,"column":4},"end":{"line":18,"column":5}},"7":{"start":{"line":12,"column":20},"end":{"line":12,"column":71}},"8":{"start":{"line":14,"column":8},"end":{"line":14,"column":34}},"9":{"start":{"line":17,"column":8},"end":{"line":17,"column":55}},"10":{"start":{"line":21,"column":0},"end":{"line":21,"column":22}}},"fnMap":{"0":{"name":"(anonymous_8)","decl":{"start":{"line":8,"column":31},"end":{"line":8,"column":38}},"loc":{"start":{"line":8,"column":74},"end":{"line":19,"column":2}}},"1":{"name":"(anonymous_9)","decl":{"start":{"line":8,"column":74},"end":{"line":8,"column":null}},"loc":{"start":{"line":8,"column":74},"end":{"line":19,"column":1}}}},"branchMap":{},"s":{"0":4,"1":4,"2":4,"3":4,"4":4,"5":1,"6":1,"7":1,"8":1,"9":0,"10":4},"f":{"0":1,"1":1},"b":{}}
,"C:\\Users\\97252\\Documents\\College\\EDVENCE\\Group47-b\\src\\routes\\user_update_route.ts": {"path":"C:\\Users\\97252\\Documents\\College\\EDVENCE\\Group47-b\\src\\routes\\user_update_route.ts","statementMap":{"0":{"start":{"line":1,"column":0},"end":{"line":1,"column":30}},"1":{"start":{"line":2,"column":15},"end":{"line":2,"column":31}},"2":{"start":{"line":3,"column":0},"end":{"line":3,"column":55}},"3":{"start":{"line":4,"column":0},"end":{"line":4,"column":60}},"4":{"start":{"line":5,"column":0},"end":{"line":5,"column":49}},"5":{"start":{"line":9,"column":0},"end":{"line":9,"column":73}},"6":{"start":{"line":11,"column":0},"end":{"line":11,"column":80}},"7":{"start":{"line":13,"column":0},"end":{"line":13,"column":80}},"8":{"start":{"line":15,"column":0},"end":{"line":15,"column":115}},"9":{"start":{"line":16,"column":0},"end":{"line":16,"column":90}},"10":{"start":{"line":18,"column":0},"end":{"line":18,"column":16}}},"fnMap":{},"branchMap":{},"s":{"0":4,"1":4,"2":4,"3":4,"4":4,"5":4,"6":4,"7":4,"8":4,"9":4,"10":4},"f":{},"b":{}}
}
