{"C:\\Users\\97252\\Documents\\College\\EDVENCE\\Group47-b\\src\\app.ts": {"path":"C:\\Users\\97252\\Documents\\College\\EDVENCE\\Group47-b\\src\\app.ts","statementMap":{"0":{"start":{"line":1,"column":0},"end":{"line":1,"column":25}},"1":{"start":{"line":2,"column":0},"end":{"line":2,"column":13}},"2":{"start":{"line":3,"column":0},"end":{"line":3,"column":43}},"3":{"start":{"line":4,"column":0},"end":{"line":4,"column":32}},"4":{"start":{"line":5,"column":0},"end":{"line":5,"column":37}},"5":{"start":{"line":6,"column":0},"end":{"line":6,"column":50}},"6":{"start":{"line":7,"column":0},"end":{"line":7,"column":59}},"7":{"start":{"line":8,"column":0},"end":{"line":8,"column":44}},"8":{"start":{"line":9,"column":0},"end":{"line":9,"column":51}},"9":{"start":{"line":10,"column":0},"end":{"line":10,"column":49}},"10":{"start":{"line":11,"column":0},"end":{"line":11,"column":63}},"11":{"start":{"line":13,"column":16},"end":{"line":41,"column":1}},"12":{"start":{"line":14,"column":18},"end":{"line":39,"column":4}},"13":{"start":{"line":15,"column":15},"end":{"line":15,"column":34}},"14":{"start":{"line":16,"column":4},"end":{"line":16,"column":64}},"15":{"start":{"line":16,"column":26},"end":{"line":16,"column":62}},"16":{"start":{"line":17,"column":4},"end":{"line":17,"column":52}},"17":{"start":{"line":17,"column":30},"end":{"line":17,"column":50}},"18":{"start":{"line":18,"column":16},"end":{"line":18,"column":34}},"19":{"start":{"line":19,"column":4},"end":{"line":38,"column":7}},"20":{"start":{"line":20,"column":18},"end":{"line":20,"column":27}},"21":{"start":{"line":21,"column":6},"end":{"line":21,"column":33}},"22":{"start":{"line":22,"column":6},"end":{"line":22,"column":57}},"23":{"start":{"line":23,"column":6},"end":{"line":29,"column":null}},"24":{"start":{"line":24,"column":8},"end":{"line":24,"column":55}},"25":{"start":{"line":25,"column":8},"end":{"line":25,"column":56}},"26":{"start":{"line":26,"column":8},"end":{"line":26,"column":56}},"27":{"start":{"line":27,"column":8},"end":{"line":27,"column":63}},"28":{"start":{"line":28,"column":8},"end":{"line":28,"column":15}},"29":{"start":{"line":30,"column":6},"end":{"line":30,"column":40}},"30":{"start":{"line":31,"column":6},"end":{"line":31,"column":48}},"31":{"start":{"line":32,"column":6},"end":{"line":32,"column":38}},"32":{"start":{"line":33,"column":6},"end":{"line":33,"column":44}},"33":{"start":{"line":34,"column":6},"end":{"line":34,"column":34}},"34":{"start":{"line":35,"column":6},"end":{"line":35,"column":34}},"35":{"start":{"line":36,"column":6},"end":{"line":36,"column":51}},"36":{"start":{"line":37,"column":6},"end":{"line":37,"column":19}},"37":{"start":{"line":40,"column":2},"end":{"line":40,"column":17}},"38":{"start":{"line":43,"column":0},"end":{"line":43,"column":23}}},"fnMap":{"0":{"name":"(anonymous_1)","decl":{"start":{"line":13,"column":16},"end":{"line":13,"column":37}},"loc":{"start":{"line":13,"column":39},"end":{"line":41,"column":1}}},"1":{"name":"(anonymous_2)","decl":{"start":{"line":14,"column":39},"end":{"line":14,"column":40}},"loc":{"start":{"line":14,"column":51},"end":{"line":39,"column":3}}},"2":{"name":"(anonymous_3)","decl":{"start":{"line":16,"column":20},"end":{"line":16,"column":23}},"loc":{"start":{"line":16,"column":26},"end":{"line":16,"column":62}}},"3":{"name":"(anonymous_4)","decl":{"start":{"line":17,"column":19},"end":{"line":17,"column":20}},"loc":{"start":{"line":17,"column":30},"end":{"line":17,"column":50}}},"4":{"name":"(anonymous_5)","decl":{"start":{"line":19,"column":32},"end":{"line":19,"column":35}},"loc":{"start":{"line":19,"column":37},"end":{"line":38,"column":5}}},"5":{"name":"(anonymous_6)","decl":{"start":{"line":23,"column":14},"end":{"line":23,"column":15}},"loc":{"start":{"line":23,"column":33},"end":{"line":29,"column":7}}}},"branchMap":{},"s":{"0":6,"1":6,"2":6,"3":6,"4":6,"5":6,"6":6,"7":6,"8":6,"9":6,"10":6,"11":6,"12":6,"13":6,"14":6,"15":6,"16":6,"17":0,"18":6,"19":6,"20":6,"21":6,"22":6,"23":6,"24":59,"25":59,"26":59,"27":59,"28":59,"29":6,"30":6,"31":6,"32":6,"33":6,"34":6,"35":6,"36":6,"37":6,"38":6},"f":{"0":6,"1":6,"2":6,"3":0,"4":6,"5":59},"b":{}}
,"C:\\Users\\97252\\Documents\\College\\EDVENCE\\Group47-b\\src\\common\\auth_middleware.ts": {"path":"C:\\Users\\97252\\Documents\\College\\EDVENCE\\Group47-b\\src\\common\\auth_middleware.ts","statementMap":{"0":{"start":{"line":2,"column":0},"end":{"line":2,"column":31}},"1":{"start":{"line":7,"column":25},"end":{"line":24,"column":1}},"2":{"start":{"line":8,"column":23},"end":{"line":8,"column":51}},"3":{"start":{"line":9,"column":18},"end":{"line":9,"column":56}},"4":{"start":{"line":10,"column":4},"end":{"line":10,"column":50}},"5":{"start":{"line":10,"column":23},"end":{"line":10,"column":50}},"6":{"start":{"line":11,"column":4},"end":{"line":23,"column":7}},"7":{"start":{"line":12,"column":8},"end":{"line":22,"column":9}},"8":{"start":{"line":14,"column":12},"end":{"line":14,"column":48}},"9":{"start":{"line":14,"column":21},"end":{"line":14,"column":48}},"10":{"start":{"line":15,"column":12},"end":{"line":15,"column":46}},"11":{"start":{"line":18,"column":12},"end":{"line":18,"column":19}},"12":{"start":{"line":21,"column":12},"end":{"line":21,"column":59}},"13":{"start":{"line":26,"column":0},"end":{"line":26,"column":30}}},"fnMap":{"0":{"name":"(anonymous_1)","decl":{"start":{"line":7,"column":25},"end":{"line":7,"column":26}},"loc":{"start":{"line":7,"column":82},"end":{"line":24,"column":1}}},"1":{"name":"(anonymous_2)","decl":{"start":{"line":11,"column":46},"end":{"line":11,"column":47}},"loc":{"start":{"line":11,"column":60},"end":{"line":23,"column":5}}}},"branchMap":{"0":{"loc":{"start":{"line":9,"column":18},"end":{"line":9,"column":56}},"type":"binary-expr","locations":[{"start":{"line":9,"column":18},"end":{"line":9,"column":28}},{"start":{"line":9,"column":32},"end":{"line":9,"column":56}}]},"1":{"loc":{"start":{"line":10,"column":4},"end":{"line":10,"column":50}},"type":"if","locations":[{"start":{"line":10,"column":4},"end":{"line":10,"column":50}}]},"2":{"loc":{"start":{"line":14,"column":12},"end":{"line":14,"column":48}},"type":"if","locations":[{"start":{"line":14,"column":12},"end":{"line":14,"column":48}}]}},"s":{"0":6,"1":6,"2":33,"3":33,"4":33,"5":1,"6":32,"7":32,"8":32,"9":12,"10":20,"11":20,"12":0,"13":6},"f":{"0":33,"1":32},"b":{"0":[33,32],"1":[1],"2":[12]}}
,"C:\\Users\\97252\\Documents\\College\\EDVENCE\\Group47-b\\src\\common\\file_upload.ts": {"path":"C:\\Users\\97252\\Documents\\College\\EDVENCE\\Group47-b\\src\\common\\file_upload.ts","statementMap":{"0":{"start":{"line":1,"column":0},"end":{"line":1,"column":28}},"1":{"start":{"line":3,"column":16},"end":{"line":14,"column":2}},"2":{"start":{"line":5,"column":8},"end":{"line":5,"column":null}},"3":{"start":{"line":8,"column":20},"end":{"line":11,"column":22}},"4":{"start":{"line":12,"column":8},"end":{"line":12,"column":null}},"5":{"start":{"line":17,"column":19},"end":{"line":30,"column":2}},"6":{"start":{"line":23,"column":29},"end":{"line":23,"column":70}},"7":{"start":{"line":24,"column":8},"end":{"line":28,"column":9}},"8":{"start":{"line":25,"column":12},"end":{"line":25,"column":27}},"9":{"start":{"line":27,"column":12},"end":{"line":27,"column":70}},"10":{"start":{"line":49,"column":9},"end":{"line":49,"column":19}},"11":{"start":{"line":33,"column":19},"end":{"line":46,"column":2}},"12":{"start":{"line":39,"column":29},"end":{"line":39,"column":75}},"13":{"start":{"line":40,"column":8},"end":{"line":44,"column":9}},"14":{"start":{"line":41,"column":12},"end":{"line":41,"column":27}},"15":{"start":{"line":43,"column":12},"end":{"line":43,"column":58}},"16":{"start":{"line":49,"column":21},"end":{"line":49,"column":31}}},"fnMap":{"0":{"name":"(anonymous_1)","decl":{"start":{"line":4,"column":17},"end":{"line":4,"column":27}},"loc":{"start":{"line":4,"column":40},"end":{"line":6,"column":5}}},"1":{"name":"(anonymous_2)","decl":{"start":{"line":7,"column":14},"end":{"line":7,"column":24}},"loc":{"start":{"line":7,"column":37},"end":{"line":13,"column":5}}},"2":{"name":"(anonymous_3)","decl":{"start":{"line":22,"column":16},"end":{"line":22,"column":26}},"loc":{"start":{"line":22,"column":39},"end":{"line":29,"column":5}}},"3":{"name":"(anonymous_4)","decl":{"start":{"line":38,"column":16},"end":{"line":38,"column":26}},"loc":{"start":{"line":38,"column":39},"end":{"line":45,"column":5}}}},"branchMap":{"0":{"loc":{"start":{"line":24,"column":8},"end":{"line":28,"column":9}},"type":"if","locations":[{"start":{"line":24,"column":8},"end":{"line":28,"column":9}},{"start":{"line":26,"column":15},"end":{"line":28,"column":9}}]},"1":{"loc":{"start":{"line":40,"column":8},"end":{"line":44,"column":9}},"type":"if","locations":[{"start":{"line":40,"column":8},"end":{"line":44,"column":9}},{"start":{"line":42,"column":15},"end":{"line":44,"column":9}}]}},"s":{"0":6,"1":6,"2":1,"3":1,"4":1,"5":6,"6":0,"7":0,"8":0,"9":0,"10":6,"11":6,"12":1,"13":1,"14":1,"15":0,"16":6},"f":{"0":1,"1":1,"2":0,"3":1},"b":{"0":[0,0],"1":[1,0]}}
,"C:\\Users\\97252\\Documents\\College\\EDVENCE\\Group47-b\\src\\common\\utils.ts": {"path":"C:\\Users\\97252\\Documents\\College\\EDVENCE\\Group47-b\\src\\common\\utils.ts","statementMap":{"0":{"start":{"line":1,"column":0},"end":{"line":1,"column":32}},"1":{"start":{"line":2,"column":0},"end":{"line":2,"column":46}},"2":{"start":{"line":3,"column":0},"end":{"line":3,"column":50}},"3":{"start":{"line":6,"column":18},"end":{"line":6,"column":49}},"4":{"start":{"line":8,"column":4},"end":{"line":20,"column":5}},"5":{"start":{"line":9,"column":26},"end":{"line":9,"column":58}},"6":{"start":{"line":10,"column":8},"end":{"line":16,"column":9}},"7":{"start":{"line":11,"column":12},"end":{"line":11,"column":49}},"8":{"start":{"line":15,"column":12},"end":{"line":15,"column":39}},"9":{"start":{"line":19,"column":8},"end":{"line":19,"column":40}},"10":{"start":{"line":4,"column":0},"end":{"line":4,"column":22}},"11":{"start":{"line":25,"column":18},"end":{"line":25,"column":49}},"12":{"start":{"line":27,"column":4},"end":{"line":41,"column":5}},"13":{"start":{"line":28,"column":28},"end":{"line":28,"column":110}},"14":{"start":{"line":29,"column":8},"end":{"line":29,"column":67}},"15":{"start":{"line":30,"column":8},"end":{"line":36,"column":9}},"16":{"start":{"line":31,"column":12},"end":{"line":31,"column":51}},"17":{"start":{"line":35,"column":12},"end":{"line":35,"column":38}},"18":{"start":{"line":40,"column":8},"end":{"line":40,"column":40}},"19":{"start":{"line":23,"column":0},"end":{"line":23,"column":22}},"20":{"start":{"line":45,"column":18},"end":{"line":45,"column":49}},"21":{"start":{"line":46,"column":4},"end":{"line":54,"column":7}},"22":{"start":{"line":47,"column":8},"end":{"line":47,"column":62}},"23":{"start":{"line":48,"column":8},"end":{"line":53,"column":9}},"24":{"start":{"line":49,"column":12},"end":{"line":49,"column":62}},"25":{"start":{"line":51,"column":12},"end":{"line":51,"column":66}},"26":{"start":{"line":52,"column":12},"end":{"line":52,"column":32}},"27":{"start":{"line":44,"column":0},"end":{"line":44,"column":22}}},"fnMap":{"0":{"name":"extractUserName","decl":{"start":{"line":4,"column":22},"end":{"line":4,"column":37}},"loc":{"start":{"line":4,"column":49},"end":{"line":21,"column":null}}},"1":{"name":"incCountInCourseName","decl":{"start":{"line":23,"column":22},"end":{"line":23,"column":42}},"loc":{"start":{"line":23,"column":141},"end":{"line":42,"column":null}}},"2":{"name":"decCountInCourseName","decl":{"start":{"line":44,"column":22},"end":{"line":44,"column":42}},"loc":{"start":{"line":44,"column":141},"end":{"line":55,"column":null}}},"3":{"name":"(anonymous_14)","decl":{"start":{"line":46,"column":96},"end":{"line":46,"column":97}},"loc":{"start":{"line":46,"column":107},"end":{"line":54,"column":5}}}},"branchMap":{"0":{"loc":{"start":{"line":10,"column":8},"end":{"line":16,"column":9}},"type":"if","locations":[{"start":{"line":10,"column":8},"end":{"line":16,"column":9}},{"start":{"line":13,"column":12},"end":{"line":16,"column":9}}]},"1":{"loc":{"start":{"line":30,"column":8},"end":{"line":36,"column":9}},"type":"if","locations":[{"start":{"line":30,"column":8},"end":{"line":36,"column":9}},{"start":{"line":33,"column":12},"end":{"line":36,"column":9}}]},"2":{"loc":{"start":{"line":48,"column":8},"end":{"line":53,"column":9}},"type":"if","locations":[{"start":{"line":48,"column":8},"end":{"line":53,"column":9}},{"start":{"line":50,"column":15},"end":{"line":53,"column":9}}]}},"s":{"0":6,"1":6,"2":6,"3":4,"4":4,"5":4,"6":4,"7":0,"8":4,"9":0,"10":6,"11":1,"12":1,"13":1,"14":1,"15":1,"16":0,"17":1,"18":0,"19":6,"20":1,"21":1,"22":1,"23":1,"24":0,"25":1,"26":1,"27":6},"f":{"0":4,"1":1,"2":1,"3":1},"b":{"0":[0,4],"1":[0,1],"2":[0,1]}}
,"C:\\Users\\97252\\Documents\\College\\EDVENCE\\Group47-b\\src\\controllers\\auth_controller.ts": {"path":"C:\\Users\\97252\\Documents\\College\\EDVENCE\\Group47-b\\src\\controllers\\auth_controller.ts","statementMap":{"0":{"start":{"line":2,"column":0},"end":{"line":2,"column":51}},"1":{"start":{"line":3,"column":0},"end":{"line":3,"column":28}},"2":{"start":{"line":4,"column":0},"end":{"line":4,"column":31}},"3":{"start":{"line":5,"column":0},"end":{"line":5,"column":51}},"4":{"start":{"line":8,"column":15},"end":{"line":8,"column":33}},"5":{"start":{"line":9,"column":21},"end":{"line":43,"column":null}},"6":{"start":{"line":9,"column":59},"end":{"line":43,"column":null}},"7":{"start":{"line":11,"column":4},"end":{"line":41,"column":5}},"8":{"start":{"line":12,"column":23},"end":{"line":15,"column":10}},"9":{"start":{"line":16,"column":24},"end":{"line":16,"column":43}},"10":{"start":{"line":17,"column":22},"end":{"line":17,"column":36}},"11":{"start":{"line":18,"column":8},"end":{"line":38,"column":9}},"12":{"start":{"line":19,"column":23},"end":{"line":19,"column":61}},"13":{"start":{"line":20,"column":12},"end":{"line":28,"column":13}},"14":{"start":{"line":21,"column":16},"end":{"line":27,"column":23}},"15":{"start":{"line":29,"column":27},"end":{"line":29,"column":53}},"16":{"start":{"line":30,"column":12},"end":{"line":37,"column":null}},"17":{"start":{"line":40,"column":8},"end":{"line":40,"column":49}},"18":{"start":{"line":45,"column":17},"end":{"line":79,"column":null}},"19":{"start":{"line":45,"column":55},"end":{"line":79,"column":null}},"20":{"start":{"line":46,"column":18},"end":{"line":46,"column":32}},"21":{"start":{"line":47,"column":21},"end":{"line":47,"column":38}},"22":{"start":{"line":48,"column":19},"end":{"line":48,"column":34}},"23":{"start":{"line":49,"column":22},"end":{"line":49,"column":40}},"24":{"start":{"line":50,"column":4},"end":{"line":52,"column":5}},"25":{"start":{"line":51,"column":8},"end":{"line":51,"column":65}},"26":{"start":{"line":53,"column":4},"end":{"line":78,"column":5}},"27":{"start":{"line":54,"column":19},"end":{"line":54,"column":57}},"28":{"start":{"line":55,"column":8},"end":{"line":57,"column":9}},"29":{"start":{"line":56,"column":12},"end":{"line":56,"column":64}},"30":{"start":{"line":58,"column":21},"end":{"line":58,"column":45}},"31":{"start":{"line":59,"column":34},"end":{"line":59,"column":67}},"32":{"start":{"line":60,"column":20},"end":{"line":66,"column":14}},"33":{"start":{"line":67,"column":23},"end":{"line":67,"column":48}},"34":{"start":{"line":68,"column":8},"end":{"line":75,"column":null}},"35":{"start":{"line":77,"column":8},"end":{"line":77,"column":71}},"36":{"start":{"line":81,"column":23},"end":{"line":94,"column":null}},"37":{"start":{"line":81,"column":56},"end":{"line":94,"column":null}},"38":{"start":{"line":82,"column":24},"end":{"line":82,"column":118}},"39":{"start":{"line":83,"column":25},"end":{"line":83,"column":84}},"40":{"start":{"line":84,"column":4},"end":{"line":88,"column":5}},"41":{"start":{"line":85,"column":8},"end":{"line":85,"column":44}},"42":{"start":{"line":87,"column":8},"end":{"line":87,"column":46}},"43":{"start":{"line":89,"column":4},"end":{"line":89,"column":22}},"44":{"start":{"line":90,"column":4},"end":{"line":93,"column":6}},"45":{"start":{"line":96,"column":14},"end":{"line":124,"column":null}},"46":{"start":{"line":96,"column":52},"end":{"line":124,"column":null}},"47":{"start":{"line":97,"column":18},"end":{"line":97,"column":32}},"48":{"start":{"line":98,"column":21},"end":{"line":98,"column":38}},"49":{"start":{"line":99,"column":4},"end":{"line":101,"column":5}},"50":{"start":{"line":100,"column":8},"end":{"line":100,"column":65}},"51":{"start":{"line":102,"column":4},"end":{"line":123,"column":5}},"52":{"start":{"line":103,"column":21},"end":{"line":103,"column":59}},"53":{"start":{"line":104,"column":8},"end":{"line":106,"column":9}},"54":{"start":{"line":105,"column":12},"end":{"line":105,"column":71}},"55":{"start":{"line":107,"column":22},"end":{"line":107,"column":67}},"56":{"start":{"line":108,"column":8},"end":{"line":110,"column":9}},"57":{"start":{"line":109,"column":12},"end":{"line":109,"column":71}},"58":{"start":{"line":112,"column":23},"end":{"line":112,"column":49}},"59":{"start":{"line":113,"column":8},"end":{"line":120,"column":15}},"60":{"start":{"line":122,"column":8},"end":{"line":122,"column":71}},"61":{"start":{"line":126,"column":15},"end":{"line":148,"column":null}},"62":{"start":{"line":126,"column":53},"end":{"line":148,"column":null}},"63":{"start":{"line":127,"column":23},"end":{"line":127,"column":51}},"64":{"start":{"line":128,"column":25},"end":{"line":128,"column":63}},"65":{"start":{"line":129,"column":4},"end":{"line":129,"column":57}},"66":{"start":{"line":129,"column":30},"end":{"line":129,"column":57}},"67":{"start":{"line":130,"column":4},"end":{"line":147,"column":7}},"68":{"start":{"line":130,"column":100},"end":{"line":147,"column":6}},"69":{"start":{"line":132,"column":8},"end":{"line":132,"column":44}},"70":{"start":{"line":132,"column":17},"end":{"line":132,"column":44}},"71":{"start":{"line":133,"column":8},"end":{"line":146,"column":9}},"72":{"start":{"line":134,"column":27},"end":{"line":134,"column":66}},"73":{"start":{"line":135,"column":12},"end":{"line":143,"column":13}},"74":{"start":{"line":136,"column":16},"end":{"line":136,"column":42}},"75":{"start":{"line":137,"column":16},"end":{"line":137,"column":36}},"76":{"start":{"line":138,"column":16},"end":{"line":138,"column":43}},"77":{"start":{"line":140,"column":16},"end":{"line":140,"column":92}},"78":{"start":{"line":140,"column":72},"end":{"line":140,"column":90}},"79":{"start":{"line":141,"column":16},"end":{"line":141,"column":36}},"80":{"start":{"line":142,"column":16},"end":{"line":142,"column":43}},"81":{"start":{"line":145,"column":12},"end":{"line":145,"column":50}},"82":{"start":{"line":150,"column":16},"end":{"line":179,"column":null}},"83":{"start":{"line":150,"column":54},"end":{"line":179,"column":null}},"84":{"start":{"line":151,"column":23},"end":{"line":151,"column":51}},"85":{"start":{"line":152,"column":25},"end":{"line":152,"column":63}},"86":{"start":{"line":153,"column":4},"end":{"line":153,"column":57}},"87":{"start":{"line":153,"column":30},"end":{"line":153,"column":57}},"88":{"start":{"line":154,"column":4},"end":{"line":178,"column":7}},"89":{"start":{"line":154,"column":100},"end":{"line":178,"column":6}},"90":{"start":{"line":155,"column":8},"end":{"line":158,"column":9}},"91":{"start":{"line":157,"column":12},"end":{"line":157,"column":39}},"92":{"start":{"line":159,"column":8},"end":{"line":177,"column":9}},"93":{"start":{"line":160,"column":27},"end":{"line":160,"column":66}},"94":{"start":{"line":161,"column":12},"end":{"line":165,"column":13}},"95":{"start":{"line":162,"column":16},"end":{"line":162,"column":42}},"96":{"start":{"line":163,"column":16},"end":{"line":163,"column":36}},"97":{"start":{"line":164,"column":16},"end":{"line":164,"column":43}},"98":{"start":{"line":166,"column":32},"end":{"line":166,"column":126}},"99":{"start":{"line":167,"column":36},"end":{"line":167,"column":95}},"100":{"start":{"line":168,"column":12},"end":{"line":168,"column":88}},"101":{"start":{"line":168,"column":68},"end":{"line":168,"column":86}},"102":{"start":{"line":169,"column":12},"end":{"line":169,"column":55}},"103":{"start":{"line":170,"column":12},"end":{"line":170,"column":32}},"104":{"start":{"line":171,"column":12},"end":{"line":174,"column":15}},"105":{"start":{"line":176,"column":12},"end":{"line":176,"column":50}},"106":{"start":{"line":181,"column":0},"end":{"line":187,"column":null}}},"fnMap":{"0":{"name":"(anonymous_8)","decl":{"start":{"line":9,"column":21},"end":{"line":9,"column":28}},"loc":{"start":{"line":9,"column":59},"end":{"line":43,"column":null}}},"1":{"name":"(anonymous_9)","decl":{"start":{"line":9,"column":59},"end":{"line":9,"column":null}},"loc":{"start":{"line":9,"column":59},"end":{"line":43,"column":1}}},"2":{"name":"(anonymous_10)","decl":{"start":{"line":45,"column":17},"end":{"line":45,"column":24}},"loc":{"start":{"line":45,"column":55},"end":{"line":79,"column":null}}},"3":{"name":"(anonymous_11)","decl":{"start":{"line":45,"column":55},"end":{"line":45,"column":null}},"loc":{"start":{"line":45,"column":55},"end":{"line":79,"column":1}}},"4":{"name":"(anonymous_12)","decl":{"start":{"line":81,"column":23},"end":{"line":81,"column":30}},"loc":{"start":{"line":81,"column":56},"end":{"line":94,"column":null}}},"5":{"name":"(anonymous_13)","decl":{"start":{"line":81,"column":56},"end":{"line":81,"column":null}},"loc":{"start":{"line":81,"column":56},"end":{"line":94,"column":1}}},"6":{"name":"(anonymous_14)","decl":{"start":{"line":96,"column":14},"end":{"line":96,"column":21}},"loc":{"start":{"line":96,"column":52},"end":{"line":124,"column":null}}},"7":{"name":"(anonymous_15)","decl":{"start":{"line":96,"column":52},"end":{"line":96,"column":null}},"loc":{"start":{"line":96,"column":52},"end":{"line":124,"column":1}}},"8":{"name":"(anonymous_16)","decl":{"start":{"line":126,"column":15},"end":{"line":126,"column":22}},"loc":{"start":{"line":126,"column":53},"end":{"line":148,"column":null}}},"9":{"name":"(anonymous_17)","decl":{"start":{"line":126,"column":53},"end":{"line":126,"column":null}},"loc":{"start":{"line":126,"column":53},"end":{"line":148,"column":1}}},"10":{"name":"(anonymous_18)","decl":{"start":{"line":130,"column":61},"end":{"line":130,"column":68}},"loc":{"start":{"line":130,"column":100},"end":{"line":147,"column":6}}},"11":{"name":"(anonymous_19)","decl":{"start":{"line":130,"column":100},"end":{"line":130,"column":null}},"loc":{"start":{"line":130,"column":100},"end":{"line":147,"column":5}}},"12":{"name":"(anonymous_20)","decl":{"start":{"line":140,"column":67},"end":{"line":140,"column":68}},"loc":{"start":{"line":140,"column":72},"end":{"line":140,"column":90}}},"13":{"name":"(anonymous_21)","decl":{"start":{"line":150,"column":16},"end":{"line":150,"column":23}},"loc":{"start":{"line":150,"column":54},"end":{"line":179,"column":null}}},"14":{"name":"(anonymous_22)","decl":{"start":{"line":150,"column":54},"end":{"line":150,"column":null}},"loc":{"start":{"line":150,"column":54},"end":{"line":179,"column":1}}},"15":{"name":"(anonymous_23)","decl":{"start":{"line":154,"column":61},"end":{"line":154,"column":68}},"loc":{"start":{"line":154,"column":100},"end":{"line":178,"column":6}}},"16":{"name":"(anonymous_24)","decl":{"start":{"line":154,"column":100},"end":{"line":154,"column":null}},"loc":{"start":{"line":154,"column":100},"end":{"line":178,"column":5}}},"17":{"name":"(anonymous_25)","decl":{"start":{"line":168,"column":63},"end":{"line":168,"column":64}},"loc":{"start":{"line":168,"column":68},"end":{"line":168,"column":86}}}},"branchMap":{"0":{"loc":{"start":{"line":17,"column":22},"end":{"line":17,"column":36}},"type":"cond-expr","locations":[{"start":{"line":17,"column":29},"end":{"line":17,"column":31}},{"start":{"line":17,"column":22},"end":{"line":17,"column":36}}]},"1":{"loc":{"start":{"line":17,"column":22},"end":{"line":17,"column":31}},"type":"binary-expr","locations":[{"start":{"line":17,"column":22},"end":{"line":17,"column":31}},{"start":{"line":17,"column":22},"end":{"line":17,"column":31}}]},"2":{"loc":{"start":{"line":18,"column":8},"end":{"line":38,"column":9}},"type":"if","locations":[{"start":{"line":18,"column":8},"end":{"line":38,"column":9}}]},"3":{"loc":{"start":{"line":20,"column":12},"end":{"line":28,"column":13}},"type":"if","locations":[{"start":{"line":20,"column":12},"end":{"line":28,"column":13}}]},"4":{"loc":{"start":{"line":25,"column":34},"end":{"line":25,"column":50}},"type":"cond-expr","locations":[{"start":{"line":25,"column":41},"end":{"line":25,"column":43}},{"start":{"line":25,"column":34},"end":{"line":25,"column":50}}]},"5":{"loc":{"start":{"line":25,"column":34},"end":{"line":25,"column":43}},"type":"binary-expr","locations":[{"start":{"line":25,"column":34},"end":{"line":25,"column":43}},{"start":{"line":25,"column":34},"end":{"line":25,"column":43}}]},"6":{"loc":{"start":{"line":26,"column":37},"end":{"line":26,"column":56}},"type":"cond-expr","locations":[{"start":{"line":26,"column":44},"end":{"line":26,"column":46}},{"start":{"line":26,"column":37},"end":{"line":26,"column":56}}]},"7":{"loc":{"start":{"line":26,"column":37},"end":{"line":26,"column":46}},"type":"binary-expr","locations":[{"start":{"line":26,"column":37},"end":{"line":26,"column":46}},{"start":{"line":26,"column":37},"end":{"line":26,"column":46}}]},"8":{"loc":{"start":{"line":26,"column":65},"end":{"line":26,"column":85}},"type":"cond-expr","locations":[{"start":{"line":26,"column":72},"end":{"line":26,"column":74}},{"start":{"line":26,"column":65},"end":{"line":26,"column":85}}]},"9":{"loc":{"start":{"line":26,"column":65},"end":{"line":26,"column":74}},"type":"binary-expr","locations":[{"start":{"line":26,"column":65},"end":{"line":26,"column":74}},{"start":{"line":26,"column":65},"end":{"line":26,"column":74}}]},"10":{"loc":{"start":{"line":50,"column":4},"end":{"line":52,"column":5}},"type":"if","locations":[{"start":{"line":50,"column":4},"end":{"line":52,"column":5}}]},"11":{"loc":{"start":{"line":50,"column":8},"end":{"line":50,"column":27}},"type":"binary-expr","locations":[{"start":{"line":50,"column":8},"end":{"line":50,"column":14}},{"start":{"line":50,"column":18},"end":{"line":50,"column":27}}]},"12":{"loc":{"start":{"line":55,"column":8},"end":{"line":57,"column":9}},"type":"if","locations":[{"start":{"line":55,"column":8},"end":{"line":57,"column":9}}]},"13":{"loc":{"start":{"line":84,"column":4},"end":{"line":88,"column":5}},"type":"if","locations":[{"start":{"line":84,"column":4},"end":{"line":88,"column":5}},{"start":{"line":86,"column":11},"end":{"line":88,"column":5}}]},"14":{"loc":{"start":{"line":99,"column":4},"end":{"line":101,"column":5}},"type":"if","locations":[{"start":{"line":99,"column":4},"end":{"line":101,"column":5}}]},"15":{"loc":{"start":{"line":99,"column":8},"end":{"line":99,"column":27}},"type":"binary-expr","locations":[{"start":{"line":99,"column":8},"end":{"line":99,"column":14}},{"start":{"line":99,"column":18},"end":{"line":99,"column":27}}]},"16":{"loc":{"start":{"line":104,"column":8},"end":{"line":106,"column":9}},"type":"if","locations":[{"start":{"line":104,"column":8},"end":{"line":106,"column":9}}]},"17":{"loc":{"start":{"line":108,"column":8},"end":{"line":110,"column":9}},"type":"if","locations":[{"start":{"line":108,"column":8},"end":{"line":110,"column":9}}]},"18":{"loc":{"start":{"line":128,"column":25},"end":{"line":128,"column":63}},"type":"binary-expr","locations":[{"start":{"line":128,"column":25},"end":{"line":128,"column":35}},{"start":{"line":128,"column":39},"end":{"line":128,"column":63}}]},"19":{"loc":{"start":{"line":129,"column":4},"end":{"line":129,"column":57}},"type":"if","locations":[{"start":{"line":129,"column":4},"end":{"line":129,"column":57}}]},"20":{"loc":{"start":{"line":132,"column":8},"end":{"line":132,"column":44}},"type":"if","locations":[{"start":{"line":132,"column":8},"end":{"line":132,"column":44}}]},"21":{"loc":{"start":{"line":135,"column":12},"end":{"line":143,"column":13}},"type":"if","locations":[{"start":{"line":135,"column":12},"end":{"line":143,"column":13}},{"start":{"line":139,"column":19},"end":{"line":143,"column":13}}]},"22":{"loc":{"start":{"line":135,"column":16},"end":{"line":135,"column":85}},"type":"binary-expr","locations":[{"start":{"line":135,"column":16},"end":{"line":135,"column":37}},{"start":{"line":135,"column":41},"end":{"line":135,"column":85}}]},"23":{"loc":{"start":{"line":152,"column":25},"end":{"line":152,"column":63}},"type":"binary-expr","locations":[{"start":{"line":152,"column":25},"end":{"line":152,"column":35}},{"start":{"line":152,"column":39},"end":{"line":152,"column":63}}]},"24":{"loc":{"start":{"line":153,"column":4},"end":{"line":153,"column":57}},"type":"if","locations":[{"start":{"line":153,"column":4},"end":{"line":153,"column":57}}]},"25":{"loc":{"start":{"line":155,"column":8},"end":{"line":158,"column":9}},"type":"if","locations":[{"start":{"line":155,"column":8},"end":{"line":158,"column":9}}]},"26":{"loc":{"start":{"line":161,"column":12},"end":{"line":165,"column":13}},"type":"if","locations":[{"start":{"line":161,"column":12},"end":{"line":165,"column":13}}]},"27":{"loc":{"start":{"line":161,"column":16},"end":{"line":161,"column":85}},"type":"binary-expr","locations":[{"start":{"line":161,"column":16},"end":{"line":161,"column":37}},{"start":{"line":161,"column":41},"end":{"line":161,"column":85}}]}},"s":{"0":6,"1":6,"2":6,"3":6,"4":6,"5":6,"6":0,"7":0,"8":0,"9":0,"10":0,"11":0,"12":0,"13":0,"14":0,"15":0,"16":0,"17":0,"18":6,"19":8,"20":8,"21":8,"22":8,"23":8,"24":8,"25":1,"26":7,"27":7,"28":7,"29":1,"30":6,"31":6,"32":6,"33":4,"34":4,"35":2,"36":6,"37":8,"38":8,"39":8,"40":8,"41":0,"42":8,"43":8,"44":8,"45":6,"46":6,"47":6,"48":6,"49":6,"50":0,"51":6,"52":6,"53":6,"54":2,"55":4,"56":4,"57":0,"58":4,"59":4,"60":0,"61":6,"62":0,"63":0,"64":0,"65":0,"66":0,"67":0,"68":0,"69":0,"70":0,"71":0,"72":0,"73":0,"74":0,"75":0,"76":0,"77":0,"78":0,"79":0,"80":0,"81":0,"82":6,"83":3,"84":3,"85":3,"86":3,"87":0,"88":3,"89":3,"90":3,"91":0,"92":3,"93":3,"94":3,"95":2,"96":2,"97":2,"98":1,"99":1,"100":1,"101":2,"102":1,"103":1,"104":1,"105":0,"106":6},"f":{"0":0,"1":0,"2":8,"3":8,"4":8,"5":8,"6":6,"7":6,"8":0,"9":0,"10":0,"11":0,"12":0,"13":3,"14":3,"15":3,"16":3,"17":2},"b":{"0":[0,0],"1":[0,0],"2":[0],"3":[0],"4":[0,0],"5":[0,0],"6":[0,0],"7":[0,0],"8":[0,0],"9":[0,0],"10":[1],"11":[8,8],"12":[1],"13":[0,8],"14":[0],"15":[6,6],"16":[2],"17":[0],"18":[0,0],"19":[0],"20":[0],"21":[0,0],"22":[0,0],"23":[3,3],"24":[0],"25":[0],"26":[2],"27":[3,3]}}
,"C:\\Users\\97252\\Documents\\College\\EDVENCE\\Group47-b\\src\\controllers\\base_controller.ts": {"path":"C:\\Users\\97252\\Documents\\College\\EDVENCE\\Group47-b\\src\\controllers\\base_controller.ts","statementMap":{"0":{"start":{"line":8,"column":8},"end":{"line":8,"column":27}},"1":{"start":{"line":13,"column":8},"end":{"line":31,"column":9}},"2":{"start":{"line":14,"column":29},"end":{"line":14,"column":54}},"3":{"start":{"line":15,"column":31},"end":{"line":15,"column":50}},"4":{"start":{"line":19,"column":12},"end":{"line":28,"column":13}},"5":{"start":{"line":20,"column":55},"end":{"line":20,"column":107}},"6":{"start":{"line":21,"column":28},"end":{"line":21,"column":57}},"7":{"start":{"line":23,"column":16},"end":{"line":23,"column":30}},"8":{"start":{"line":25,"column":28},"end":{"line":25,"column":51}},"9":{"start":{"line":27,"column":16},"end":{"line":27,"column":30}},"10":{"start":{"line":30,"column":12},"end":{"line":30,"column":59}},"11":{"start":{"line":38,"column":8},"end":{"line":44,"column":9}},"12":{"start":{"line":39,"column":24},"end":{"line":39,"column":64}},"13":{"start":{"line":41,"column":12},"end":{"line":41,"column":26}},"14":{"start":{"line":43,"column":12},"end":{"line":43,"column":59}},"15":{"start":{"line":50,"column":8},"end":{"line":71,"column":13}},"16":{"start":{"line":51,"column":28},"end":{"line":51,"column":67}},"17":{"start":{"line":54,"column":25},"end":{"line":54,"column":33}},"18":{"start":{"line":56,"column":12},"end":{"line":66,"column":13}},"19":{"start":{"line":58,"column":28},"end":{"line":58,"column":57}},"20":{"start":{"line":61,"column":16},"end":{"line":61,"column":42}},"21":{"start":{"line":65,"column":16},"end":{"line":65,"column":72}},"22":{"start":{"line":70,"column":8},"end":{"line":70,"column":53}},"23":{"start":{"line":76,"column":8},"end":{"line":86,"column":9}},"24":{"start":{"line":77,"column":24},"end":{"line":77,"column":98}},"25":{"start":{"line":79,"column":12},"end":{"line":81,"column":13}},"26":{"start":{"line":80,"column":16},"end":{"line":80,"column":70}},"27":{"start":{"line":82,"column":12},"end":{"line":82,"column":38}},"28":{"start":{"line":85,"column":12},"end":{"line":85,"column":59}},"29":{"start":{"line":92,"column":8},"end":{"line":98,"column":11}},"30":{"start":{"line":94,"column":12},"end":{"line":94,"column":41}},"31":{"start":{"line":97,"column":12},"end":{"line":97,"column":59}},"32":{"start":{"line":4,"column":0},"end":{"line":4,"column":13}},"33":{"start":{"line":103,"column":25},"end":{"line":105,"column":1}},"34":{"start":{"line":104,"column":4},"end":{"line":104,"column":48}},"35":{"start":{"line":107,"column":0},"end":{"line":107,"column":32}}},"fnMap":{"0":{"name":"(anonymous_7)","decl":{"start":{"line":7,"column":4},"end":{"line":7,"column":16}},"loc":{"start":{"line":7,"column":39},"end":{"line":9,"column":5}}},"1":{"name":"(anonymous_8)","decl":{"start":{"line":11,"column":10},"end":{"line":11,"column":13}},"loc":{"start":{"line":11,"column":41},"end":{"line":32,"column":null}}},"2":{"name":"(anonymous_10)","decl":{"start":{"line":36,"column":10},"end":{"line":36,"column":17}},"loc":{"start":{"line":36,"column":45},"end":{"line":45,"column":null}}},"3":{"name":"(anonymous_12)","decl":{"start":{"line":47,"column":10},"end":{"line":47,"column":14}},"loc":{"start":{"line":47,"column":42},"end":{"line":72,"column":null}}},"4":{"name":"(anonymous_14)","decl":{"start":{"line":74,"column":10},"end":{"line":74,"column":17}},"loc":{"start":{"line":74,"column":45},"end":{"line":87,"column":null}}},"5":{"name":"(anonymous_16)","decl":{"start":{"line":89,"column":10},"end":{"line":89,"column":20}},"loc":{"start":{"line":89,"column":48},"end":{"line":99,"column":null}}},"6":{"name":"(anonymous_18)","decl":{"start":{"line":92,"column":58},"end":{"line":92,"column":59}},"loc":{"start":{"line":92,"column":69},"end":{"line":95,"column":9}}},"7":{"name":"(anonymous_19)","decl":{"start":{"line":95,"column":17},"end":{"line":95,"column":18}},"loc":{"start":{"line":95,"column":25},"end":{"line":98,"column":9}}},"8":{"name":"(anonymous_20)","decl":{"start":{"line":103,"column":25},"end":{"line":103,"column":37}},"loc":{"start":{"line":103,"column":64},"end":{"line":105,"column":1}}}},"branchMap":{"0":{"loc":{"start":{"line":19,"column":12},"end":{"line":28,"column":13}},"type":"if","locations":[{"start":{"line":19,"column":12},"end":{"line":28,"column":13}},{"start":{"line":24,"column":19},"end":{"line":28,"column":13}}]},"1":{"loc":{"start":{"line":19,"column":16},"end":{"line":19,"column":38}},"type":"binary-expr","locations":[{"start":{"line":19,"column":16},"end":{"line":19,"column":24}},{"start":{"line":19,"column":28},"end":{"line":19,"column":38}}]},"2":{"loc":{"start":{"line":56,"column":12},"end":{"line":66,"column":13}},"type":"if","locations":[{"start":{"line":56,"column":12},"end":{"line":66,"column":13}},{"start":{"line":64,"column":12},"end":{"line":66,"column":13}}]},"3":{"loc":{"start":{"line":79,"column":12},"end":{"line":81,"column":13}},"type":"if","locations":[{"start":{"line":79,"column":12},"end":{"line":81,"column":13}}]}},"s":{"0":30,"1":14,"2":14,"3":14,"4":14,"5":4,"6":4,"7":4,"8":10,"9":10,"10":0,"11":0,"12":0,"13":0,"14":0,"15":5,"16":5,"17":5,"18":5,"19":4,"20":4,"21":1,"22":0,"23":4,"24":4,"25":4,"26":0,"27":4,"28":0,"29":2,"30":2,"31":0,"32":6,"33":6,"34":6,"35":6},"f":{"0":30,"1":14,"2":0,"3":5,"4":4,"5":2,"6":2,"7":0,"8":6},"b":{"0":[4,10],"1":[14,4],"2":[4,1],"3":[0]}}
,"C:\\Users\\97252\\Documents\\College\\EDVENCE\\Group47-b\\src\\controllers\\course_controller.ts": {"path":"C:\\Users\\97252\\Documents\\College\\EDVENCE\\Group47-b\\src\\controllers\\course_controller.ts","statementMap":{"0":{"start":{"line":1,"column":0},"end":{"line":1,"column":63}},"1":{"start":{"line":2,"column":0},"end":{"line":2,"column":52}},"2":{"start":{"line":5,"column":0},"end":{"line":5,"column":48}},"3":{"start":{"line":6,"column":13},"end":{"line":6,"column":28}},"4":{"start":{"line":10,"column":8},"end":{"line":10,"column":null}},"5":{"start":{"line":15,"column":20},"end":{"line":15,"column":32}},"6":{"start":{"line":16,"column":8},"end":{"line":27,"column":9}},"7":{"start":{"line":17,"column":12},"end":{"line":23,"column":15}},"8":{"start":{"line":19,"column":16},"end":{"line":19,"column":45}},"9":{"start":{"line":20,"column":16},"end":{"line":20,"column":35}},"10":{"start":{"line":21,"column":16},"end":{"line":21,"column":37}},"11":{"start":{"line":22,"column":16},"end":{"line":22,"column":37}},"12":{"start":{"line":26,"column":12},"end":{"line":26,"column":59}},"13":{"start":{"line":32,"column":8},"end":{"line":37,"column":9}},"14":{"start":{"line":33,"column":12},"end":{"line":33,"column":null}},"15":{"start":{"line":36,"column":12},"end":{"line":36,"column":87}},"16":{"start":{"line":41,"column":8},"end":{"line":47,"column":9}},"17":{"start":{"line":42,"column":24},"end":{"line":42,"column":73}},"18":{"start":{"line":44,"column":12},"end":{"line":44,"column":38}},"19":{"start":{"line":46,"column":12},"end":{"line":46,"column":59}},"20":{"start":{"line":51,"column":0},"end":{"line":51,"column":37}}},"fnMap":{"0":{"name":"(anonymous_8)","decl":{"start":{"line":9,"column":4},"end":{"line":9,"column":null}},"loc":{"start":{"line":9,"column":4},"end":{"line":11,"column":5}}},"1":{"name":"(anonymous_9)","decl":{"start":{"line":13,"column":10},"end":{"line":13,"column":14}},"loc":{"start":{"line":13,"column":47},"end":{"line":29,"column":null}}},"2":{"name":"(anonymous_12)","decl":{"start":{"line":17,"column":39},"end":{"line":17,"column":40}},"loc":{"start":{"line":17,"column":58},"end":{"line":23,"column":13}}},"3":{"name":"(anonymous_13)","decl":{"start":{"line":30,"column":10},"end":{"line":30,"column":19}},"loc":{"start":{"line":30,"column":52},"end":{"line":38,"column":null}}},"4":{"name":"(anonymous_15)","decl":{"start":{"line":39,"column":10},"end":{"line":39,"column":21}},"loc":{"start":{"line":39,"column":54},"end":{"line":48,"column":null}}}},"branchMap":{},"s":{"0":6,"1":6,"2":6,"3":6,"4":6,"5":3,"6":3,"7":3,"8":3,"9":3,"10":3,"11":3,"12":0,"13":1,"14":1,"15":0,"16":1,"17":1,"18":1,"19":0,"20":6},"f":{"0":6,"1":3,"2":3,"3":1,"4":1},"b":{}}
,"C:\\Users\\97252\\Documents\\College\\EDVENCE\\Group47-b\\src\\controllers\\course_reviews_controller.ts": {"path":"C:\\Users\\97252\\Documents\\College\\EDVENCE\\Group47-b\\src\\controllers\\course_reviews_controller.ts","statementMap":{"0":{"start":{"line":1,"column":0},"end":{"line":1,"column":78}},"1":{"start":{"line":2,"column":0},"end":{"line":2,"column":51}},"2":{"start":{"line":5,"column":0},"end":{"line":5,"column":92}},"3":{"start":{"line":12,"column":8},"end":{"line":12,"column":null}},"4":{"start":{"line":17,"column":8},"end":{"line":17,"column":28}},"5":{"start":{"line":22,"column":8},"end":{"line":22,"column":41}},"6":{"start":{"line":24,"column":8},"end":{"line":35,"column":9}},"7":{"start":{"line":25,"column":13},"end":{"line":28,"column":15}},"8":{"start":{"line":26,"column":16},"end":{"line":26,"column":45}},"9":{"start":{"line":29,"column":35},"end":{"line":29,"column":53}},"10":{"start":{"line":30,"column":26},"end":{"line":30,"column":68}},"11":{"start":{"line":31,"column":12},"end":{"line":31,"column":62}},"12":{"start":{"line":34,"column":12},"end":{"line":34,"column":59}},"13":{"start":{"line":37,"column":8},"end":{"line":37,"column":29}},"14":{"start":{"line":41,"column":8},"end":{"line":47,"column":9}},"15":{"start":{"line":42,"column":24},"end":{"line":42,"column":76}},"16":{"start":{"line":44,"column":12},"end":{"line":44,"column":38}},"17":{"start":{"line":46,"column":12},"end":{"line":46,"column":59}},"18":{"start":{"line":52,"column":8},"end":{"line":61,"column":9}},"19":{"start":{"line":53,"column":27},"end":{"line":53,"column":69}},"20":{"start":{"line":56,"column":25},"end":{"line":56,"column":69}},"21":{"start":{"line":57,"column":12},"end":{"line":57,"column":62}},"22":{"start":{"line":58,"column":12},"end":{"line":58,"column":39}},"23":{"start":{"line":60,"column":12},"end":{"line":60,"column":59}},"24":{"start":{"line":66,"column":0},"end":{"line":66,"column":46}}},"fnMap":{"0":{"name":"(anonymous_8)","decl":{"start":{"line":11,"column":4},"end":{"line":11,"column":null}},"loc":{"start":{"line":11,"column":4},"end":{"line":13,"column":5}}},"1":{"name":"(anonymous_9)","decl":{"start":{"line":14,"column":10},"end":{"line":14,"column":13}},"loc":{"start":{"line":14,"column":46},"end":{"line":18,"column":null}}},"2":{"name":"(anonymous_12)","decl":{"start":{"line":19,"column":10},"end":{"line":19,"column":14}},"loc":{"start":{"line":19,"column":47},"end":{"line":38,"column":null}}},"3":{"name":"(anonymous_15)","decl":{"start":{"line":25,"column":60},"end":{"line":25,"column":61}},"loc":{"start":{"line":25,"column":79},"end":{"line":28,"column":13}}},"4":{"name":"(anonymous_16)","decl":{"start":{"line":39,"column":10},"end":{"line":39,"column":21}},"loc":{"start":{"line":39,"column":54},"end":{"line":48,"column":null}}},"5":{"name":"(anonymous_18)","decl":{"start":{"line":50,"column":10},"end":{"line":50,"column":20}},"loc":{"start":{"line":50,"column":53},"end":{"line":62,"column":null}}}},"branchMap":{},"s":{"0":6,"1":6,"2":6,"3":6,"4":5,"5":1,"6":1,"7":1,"8":1,"9":1,"10":1,"11":1,"12":0,"13":1,"14":1,"15":1,"16":1,"17":0,"18":1,"19":1,"20":1,"21":1,"22":1,"23":0,"24":6},"f":{"0":6,"1":5,"2":1,"3":1,"4":1,"5":1},"b":{}}
,"C:\\Users\\97252\\Documents\\College\\EDVENCE\\Group47-b\\src\\controllers\\student_controller.ts": {"path":"C:\\Users\\97252\\Documents\\College\\EDVENCE\\Group47-b\\src\\controllers\\student_controller.ts","statementMap":{"0":{"start":{"line":1,"column":0},"end":{"line":1,"column":65}},"1":{"start":{"line":2,"column":0},"end":{"line":2,"column":49}},"2":{"start":{"line":4,"column":26},"end":{"line":4,"column":66}},"3":{"start":{"line":6,"column":0},"end":{"line":6,"column":null}}},"fnMap":{},"branchMap":{},"s":{"0":6,"1":6,"2":6,"3":6},"f":{},"b":{}}
,"C:\\Users\\97252\\Documents\\College\\EDVENCE\\Group47-b\\src\\controllers\\student_post_controller.ts": {"path":"C:\\Users\\97252\\Documents\\College\\EDVENCE\\Group47-b\\src\\controllers\\student_post_controller.ts","statementMap":{"0":{"start":{"line":1,"column":0},"end":{"line":1,"column":73}},"1":{"start":{"line":2,"column":0},"end":{"line":2,"column":51}},"2":{"start":{"line":8,"column":8},"end":{"line":8,"column":null}},"3":{"start":{"line":13,"column":20},"end":{"line":13,"column":32}},"4":{"start":{"line":14,"column":8},"end":{"line":14,"column":29}},"5":{"start":{"line":15,"column":8},"end":{"line":15,"column":29}},"6":{"start":{"line":19,"column":0},"end":{"line":19,"column":43}}},"fnMap":{"0":{"name":"(anonymous_8)","decl":{"start":{"line":7,"column":4},"end":{"line":7,"column":null}},"loc":{"start":{"line":7,"column":4},"end":{"line":9,"column":5}}},"1":{"name":"(anonymous_9)","decl":{"start":{"line":11,"column":10},"end":{"line":11,"column":14}},"loc":{"start":{"line":11,"column":47},"end":{"line":16,"column":null}}}},"branchMap":{},"s":{"0":6,"1":6,"2":6,"3":1,"4":1,"5":1,"6":6},"f":{"0":6,"1":1},"b":{}}
,"C:\\Users\\97252\\Documents\\College\\EDVENCE\\Group47-b\\src\\controllers\\user_controller.ts": {"path":"C:\\Users\\97252\\Documents\\College\\EDVENCE\\Group47-b\\src\\controllers\\user_controller.ts","statementMap":{"0":{"start":{"line":1,"column":0},"end":{"line":1,"column":51}},"1":{"start":{"line":2,"column":0},"end":{"line":2,"column":51}},"2":{"start":{"line":5,"column":13},"end":{"line":5,"column":28}},"3":{"start":{"line":8,"column":8},"end":{"line":8,"column":null}},"4":{"start":{"line":13,"column":8},"end":{"line":19,"column":9}},"5":{"start":{"line":14,"column":25},"end":{"line":14,"column":83}},"6":{"start":{"line":15,"column":12},"end":{"line":15,"column":39}},"7":{"start":{"line":18,"column":12},"end":{"line":18,"column":59}},"8":{"start":{"line":22,"column":8},"end":{"line":28,"column":9}},"9":{"start":{"line":24,"column":12},"end":{"line":24,"column":null}},"10":{"start":{"line":27,"column":12},"end":{"line":27,"column":59}},"11":{"start":{"line":32,"column":8},"end":{"line":32,"column":28}},"12":{"start":{"line":37,"column":8},"end":{"line":37,"column":32}},"13":{"start":{"line":41,"column":0},"end":{"line":41,"column":36}}},"fnMap":{"0":{"name":"(anonymous_8)","decl":{"start":{"line":7,"column":4},"end":{"line":7,"column":null}},"loc":{"start":{"line":7,"column":4},"end":{"line":9,"column":5}}},"1":{"name":"(anonymous_9)","decl":{"start":{"line":11,"column":10},"end":{"line":11,"column":27}},"loc":{"start":{"line":11,"column":60},"end":{"line":20,"column":null}}},"2":{"name":"(anonymous_11)","decl":{"start":{"line":21,"column":10},"end":{"line":21,"column":25}},"loc":{"start":{"line":21,"column":58},"end":{"line":29,"column":null}}},"3":{"name":"(anonymous_13)","decl":{"start":{"line":30,"column":10},"end":{"line":30,"column":13}},"loc":{"start":{"line":30,"column":46},"end":{"line":33,"column":null}}},"4":{"name":"(anonymous_16)","decl":{"start":{"line":34,"column":10},"end":{"line":34,"column":17}},"loc":{"start":{"line":34,"column":50},"end":{"line":38,"column":null}}}},"branchMap":{},"s":{"0":6,"1":6,"2":6,"3":6,"4":0,"5":0,"6":0,"7":0,"8":0,"9":0,"10":0,"11":0,"12":0,"13":6},"f":{"0":6,"1":0,"2":0,"3":0,"4":0},"b":{}}
,"C:\\Users\\97252\\Documents\\College\\EDVENCE\\Group47-b\\src\\models\\course_model.ts": {"path":"C:\\Users\\97252\\Documents\\College\\EDVENCE\\Group47-b\\src\\models\\course_model.ts","statementMap":{"0":{"start":{"line":1,"column":0},"end":{"line":1,"column":32}},"1":{"start":{"line":12,"column":20},"end":{"line":35,"column":2}},"2":{"start":{"line":37,"column":0},"end":{"line":37,"column":62}}},"fnMap":{},"branchMap":{},"s":{"0":6,"1":6,"2":6},"f":{},"b":{}}
,"C:\\Users\\97252\\Documents\\College\\EDVENCE\\Group47-b\\src\\models\\courses_reviews_model.ts": {"path":"C:\\Users\\97252\\Documents\\College\\EDVENCE\\Group47-b\\src\\models\\courses_reviews_model.ts","statementMap":{"0":{"start":{"line":1,"column":0},"end":{"line":1,"column":32}},"1":{"start":{"line":14,"column":27},"end":{"line":42,"column":2}},"2":{"start":{"line":44,"column":0},"end":{"line":44,"column":81}}},"fnMap":{},"branchMap":{},"s":{"0":6,"1":6,"2":6},"f":{},"b":{}}
,"C:\\Users\\97252\\Documents\\College\\EDVENCE\\Group47-b\\src\\models\\student_model.ts": {"path":"C:\\Users\\97252\\Documents\\College\\EDVENCE\\Group47-b\\src\\models\\student_model.ts","statementMap":{"0":{"start":{"line":1,"column":0},"end":{"line":1,"column":32}},"1":{"start":{"line":8,"column":22},"end":{"line":16,"column":2}},"2":{"start":{"line":18,"column":0},"end":{"line":18,"column":67}}},"fnMap":{},"branchMap":{},"s":{"0":6,"1":6,"2":6},"f":{},"b":{}}
,"C:\\Users\\97252\\Documents\\College\\EDVENCE\\Group47-b\\src\\models\\student_post_model.ts": {"path":"C:\\Users\\97252\\Documents\\College\\EDVENCE\\Group47-b\\src\\models\\student_post_model.ts","statementMap":{"0":{"start":{"line":1,"column":0},"end":{"line":1,"column":32}},"1":{"start":{"line":9,"column":26},"end":{"line":22,"column":2}},"2":{"start":{"line":24,"column":0},"end":{"line":24,"column":78}}},"fnMap":{},"branchMap":{},"s":{"0":6,"1":6,"2":6},"f":{},"b":{}}
,"C:\\Users\\97252\\Documents\\College\\EDVENCE\\Group47-b\\src\\models\\user_model.ts": {"path":"C:\\Users\\97252\\Documents\\College\\EDVENCE\\Group47-b\\src\\models\\user_model.ts","statementMap":{"0":{"start":{"line":1,"column":0},"end":{"line":1,"column":32}},"1":{"start":{"line":12,"column":19},"end":{"line":32,"column":2}},"2":{"start":{"line":34,"column":0},"end":{"line":34,"column":57}}},"fnMap":{},"branchMap":{},"s":{"0":6,"1":6,"2":6},"f":{},"b":{}}
,"C:\\Users\\97252\\Documents\\College\\EDVENCE\\Group47-b\\src\\routes\\auth_route.ts": {"path":"C:\\Users\\97252\\Documents\\College\\EDVENCE\\Group47-b\\src\\routes\\auth_route.ts","statementMap":{"0":{"start":{"line":1,"column":0},"end":{"line":1,"column":30}},"1":{"start":{"line":2,"column":15},"end":{"line":2,"column":31}},"2":{"start":{"line":3,"column":0},"end":{"line":3,"column":60}},"3":{"start":{"line":5,"column":0},"end":{"line":5,"column":50}},"4":{"start":{"line":6,"column":0},"end":{"line":6,"column":52}},"5":{"start":{"line":7,"column":0},"end":{"line":7,"column":44}},"6":{"start":{"line":8,"column":0},"end":{"line":8,"column":45}},"7":{"start":{"line":9,"column":0},"end":{"line":9,"column":47}},"8":{"start":{"line":241,"column":0},"end":{"line":241,"column":22}}},"fnMap":{},"branchMap":{},"s":{"0":6,"1":6,"2":6,"3":6,"4":6,"5":6,"6":6,"7":6,"8":6},"f":{},"b":{}}
,"C:\\Users\\97252\\Documents\\College\\EDVENCE\\Group47-b\\src\\routes\\courses_reviews_route.ts": {"path":"C:\\Users\\97252\\Documents\\College\\EDVENCE\\Group47-b\\src\\routes\\courses_reviews_route.ts","statementMap":{"0":{"start":{"line":1,"column":0},"end":{"line":1,"column":30}},"1":{"start":{"line":2,"column":15},"end":{"line":2,"column":31}},"2":{"start":{"line":3,"column":0},"end":{"line":3,"column":80}},"3":{"start":{"line":4,"column":0},"end":{"line":4,"column":55}},"4":{"start":{"line":7,"column":0},"end":{"line":7,"column":77}},"5":{"start":{"line":9,"column":0},"end":{"line":9,"column":88}},"6":{"start":{"line":13,"column":0},"end":{"line":13,"column":95}},"7":{"start":{"line":15,"column":0},"end":{"line":15,"column":100}},"8":{"start":{"line":17,"column":0},"end":{"line":17,"column":106}},"9":{"start":{"line":19,"column":0},"end":{"line":19,"column":22}}},"fnMap":{},"branchMap":{},"s":{"0":6,"1":6,"2":6,"3":6,"4":6,"5":6,"6":6,"7":6,"8":6,"9":6},"f":{},"b":{}}
,"C:\\Users\\97252\\Documents\\College\\EDVENCE\\Group47-b\\src\\routes\\courses_route.ts": {"path":"C:\\Users\\97252\\Documents\\College\\EDVENCE\\Group47-b\\src\\routes\\courses_route.ts","statementMap":{"0":{"start":{"line":1,"column":0},"end":{"line":1,"column":30}},"1":{"start":{"line":2,"column":15},"end":{"line":2,"column":31}},"2":{"start":{"line":3,"column":0},"end":{"line":3,"column":65}},"3":{"start":{"line":4,"column":0},"end":{"line":4,"column":55}},"4":{"start":{"line":5,"column":0},"end":{"line":5,"column":51}},"5":{"start":{"line":7,"column":0},"end":{"line":7,"column":79}},"6":{"start":{"line":9,"column":0},"end":{"line":9,"column":90}},"7":{"start":{"line":12,"column":0},"end":{"line":12,"column":81}},"8":{"start":{"line":14,"column":0},"end":{"line":14,"column":126}},"9":{"start":{"line":15,"column":0},"end":{"line":15,"column":86}},"10":{"start":{"line":17,"column":0},"end":{"line":17,"column":92}},"11":{"start":{"line":19,"column":0},"end":{"line":19,"column":22}}},"fnMap":{},"branchMap":{},"s":{"0":6,"1":6,"2":6,"3":6,"4":6,"5":6,"6":6,"7":6,"8":6,"9":6,"10":6,"11":6},"f":{},"b":{}}
,"C:\\Users\\97252\\Documents\\College\\EDVENCE\\Group47-b\\src\\routes\\student_post_route.ts": {"path":"C:\\Users\\97252\\Documents\\College\\EDVENCE\\Group47-b\\src\\routes\\student_post_route.ts","statementMap":{"0":{"start":{"line":1,"column":0},"end":{"line":1,"column":30}},"1":{"start":{"line":2,"column":15},"end":{"line":2,"column":31}},"2":{"start":{"line":3,"column":0},"end":{"line":3,"column":75}},"3":{"start":{"line":4,"column":0},"end":{"line":4,"column":55}},"4":{"start":{"line":6,"column":0},"end":{"line":6,"column":71}},"5":{"start":{"line":8,"column":0},"end":{"line":8,"column":78}},"6":{"start":{"line":10,"column":0},"end":{"line":10,"column":89}},"7":{"start":{"line":12,"column":0},"end":{"line":12,"column":94}},"8":{"start":{"line":14,"column":0},"end":{"line":14,"column":100}},"9":{"start":{"line":16,"column":0},"end":{"line":16,"column":22}}},"fnMap":{},"branchMap":{},"s":{"0":6,"1":6,"2":6,"3":6,"4":6,"5":6,"6":6,"7":6,"8":6,"9":6},"f":{},"b":{}}
,"C:\\Users\\97252\\Documents\\College\\EDVENCE\\Group47-b\\src\\routes\\student_route.ts": {"path":"C:\\Users\\97252\\Documents\\College\\EDVENCE\\Group47-b\\src\\routes\\student_route.ts","statementMap":{"0":{"start":{"line":1,"column":0},"end":{"line":1,"column":30}},"1":{"start":{"line":2,"column":15},"end":{"line":2,"column":31}},"2":{"start":{"line":3,"column":0},"end":{"line":3,"column":66}},"3":{"start":{"line":4,"column":0},"end":{"line":4,"column":55}},"4":{"start":{"line":6,"column":0},"end":{"line":6,"column":79}},"5":{"start":{"line":8,"column":0},"end":{"line":8,"column":86}},"6":{"start":{"line":10,"column":0},"end":{"line":10,"column":81}},"7":{"start":{"line":12,"column":0},"end":{"line":12,"column":86}},"8":{"start":{"line":14,"column":0},"end":{"line":14,"column":92}},"9":{"start":{"line":16,"column":0},"end":{"line":16,"column":22}}},"fnMap":{},"branchMap":{},"s":{"0":6,"1":6,"2":6,"3":6,"4":6,"5":6,"6":6,"7":6,"8":6,"9":6},"f":{},"b":{}}
,"C:\\Users\\97252\\Documents\\College\\EDVENCE\\Group47-b\\src\\routes\\user_update_route.ts": {"path":"C:\\Users\\97252\\Documents\\College\\EDVENCE\\Group47-b\\src\\routes\\user_update_route.ts","statementMap":{"0":{"start":{"line":1,"column":0},"end":{"line":1,"column":30}},"1":{"start":{"line":2,"column":15},"end":{"line":2,"column":31}},"2":{"start":{"line":3,"column":0},"end":{"line":3,"column":55}},"3":{"start":{"line":4,"column":0},"end":{"line":4,"column":60}},"4":{"start":{"line":5,"column":0},"end":{"line":5,"column":49}},"5":{"start":{"line":9,"column":0},"end":{"line":9,"column":73}},"6":{"start":{"line":11,"column":0},"end":{"line":11,"column":80}},"7":{"start":{"line":13,"column":0},"end":{"line":13,"column":80}},"8":{"start":{"line":15,"column":0},"end":{"line":15,"column":114}},"9":{"start":{"line":16,"column":0},"end":{"line":16,"column":90}},"10":{"start":{"line":18,"column":0},"end":{"line":18,"column":16}}},"fnMap":{},"branchMap":{},"s":{"0":6,"1":6,"2":6,"3":6,"4":6,"5":6,"6":6,"7":6,"8":6,"9":6,"10":6},"f":{},"b":{}}
}
