TN:
SF:src\app.ts
FN:13,(anonymous_1)
FN:14,(anonymous_2)
FN:16,(anonymous_3)
FN:17,(anonymous_4)
FN:19,(anonymous_5)
FN:23,(anonymous_6)
FNF:6
FNH:5
FNDA:1,(anonymous_1)
FNDA:1,(anonymous_2)
FNDA:1,(anonymous_3)
FNDA:0,(anonymous_4)
FNDA:1,(anonymous_5)
FNDA:14,(anonymous_6)
DA:1,1
DA:2,1
DA:3,1
DA:4,1
DA:5,1
DA:6,1
DA:7,1
DA:8,1
DA:9,1
DA:10,1
DA:11,1
DA:13,1
DA:14,1
DA:15,1
DA:16,1
DA:17,1
DA:18,1
DA:19,1
DA:20,1
DA:21,1
DA:22,1
DA:23,1
DA:24,14
DA:25,14
DA:26,14
DA:27,14
DA:28,14
DA:30,1
DA:31,1
DA:32,1
DA:33,1
DA:34,1
DA:35,1
DA:36,1
DA:37,1
DA:40,1
DA:43,1
LF:37
LH:37
BRF:0
BRH:0
end_of_record
TN:
SF:src\common\auth_middleware.ts
FN:7,(anonymous_1)
FN:11,(anonymous_2)
FNF:2
FNH:2
FNDA:6,(anonymous_1)
FNDA:6,(anonymous_2)
DA:2,1
DA:7,1
DA:8,6
DA:9,6
DA:10,6
DA:11,6
DA:12,6
DA:14,6
DA:15,6
DA:18,6
DA:21,0
DA:26,1
LF:12
LH:11
BRDA:9,0,0,6
BRDA:9,0,1,6
BRDA:10,1,0,0
BRDA:14,2,0,0
BRF:4
BRH:2
end_of_record
TN:
SF:src\common\file_upload.ts
FN:4,(anonymous_1)
FN:7,(anonymous_2)
FN:22,(anonymous_3)
FN:38,(anonymous_4)
FNF:4
FNH:0
FNDA:0,(anonymous_1)
FNDA:0,(anonymous_2)
FNDA:0,(anonymous_3)
FNDA:0,(anonymous_4)
DA:1,1
DA:3,1
DA:5,0
DA:8,0
DA:12,0
DA:17,1
DA:23,0
DA:24,0
DA:25,0
DA:27,0
DA:33,1
DA:39,0
DA:40,0
DA:41,0
DA:43,0
DA:49,1
LF:16
LH:5
BRDA:24,0,0,0
BRDA:24,0,1,0
BRDA:40,1,0,0
BRDA:40,1,1,0
BRF:4
BRH:0
end_of_record
TN:
SF:src\common\utils.ts
FN:4,extractUserName
FN:23,incCountInCourseName
FN:44,decCountInCourseName
FNF:3
FNH:3
FNDA:2,extractUserName
FNDA:1,incCountInCourseName
FNDA:1,decCountInCourseName
DA:1,1
DA:2,1
DA:3,1
DA:4,1
DA:6,2
DA:8,2
DA:9,2
DA:10,2
DA:11,0
DA:15,2
DA:19,0
DA:23,1
DA:25,1
DA:27,1
DA:28,1
DA:30,1
DA:31,0
DA:35,1
DA:40,0
DA:44,1
DA:45,1
DA:48,1
DA:49,1
DA:51,1
DA:52,0
DA:55,1
DA:57,1
DA:58,1
DA:62,0
LF:29
LH:23
BRDA:10,0,0,0
BRDA:10,0,1,2
BRDA:30,1,0,0
BRDA:30,1,1,1
BRDA:51,2,0,0
BRDA:51,2,1,1
BRF:6
BRH:3
end_of_record
TN:
SF:src\controllers\auth_controller.ts
FN:9,(anonymous_8)
FN:9,(anonymous_9)
FN:45,(anonymous_10)
FN:45,(anonymous_11)
FN:81,(anonymous_12)
FN:81,(anonymous_13)
FN:96,(anonymous_14)
FN:96,(anonymous_15)
FN:126,(anonymous_16)
FN:126,(anonymous_17)
FN:130,(anonymous_18)
FN:130,(anonymous_19)
FN:140,(anonymous_20)
FN:150,(anonymous_21)
FN:150,(anonymous_22)
FN:154,(anonymous_23)
FN:154,(anonymous_24)
FN:168,(anonymous_25)
FNF:18
FNH:6
FNDA:0,(anonymous_8)
FNDA:0,(anonymous_9)
FNDA:1,(anonymous_10)
FNDA:1,(anonymous_11)
FNDA:2,(anonymous_12)
FNDA:2,(anonymous_13)
FNDA:1,(anonymous_14)
FNDA:1,(anonymous_15)
FNDA:0,(anonymous_16)
FNDA:0,(anonymous_17)
FNDA:0,(anonymous_18)
FNDA:0,(anonymous_19)
FNDA:0,(anonymous_20)
FNDA:0,(anonymous_21)
FNDA:0,(anonymous_22)
FNDA:0,(anonymous_23)
FNDA:0,(anonymous_24)
FNDA:0,(anonymous_25)
DA:2,1
DA:3,1
DA:4,1
DA:5,1
DA:8,1
DA:9,1
DA:11,0
DA:12,0
DA:16,0
DA:17,0
DA:18,0
DA:19,0
DA:20,0
DA:21,0
DA:29,0
DA:30,0
DA:40,0
DA:45,1
DA:46,1
DA:47,1
DA:48,1
DA:49,1
DA:50,1
DA:51,0
DA:53,1
DA:54,1
DA:55,1
DA:56,0
DA:58,1
DA:59,1
DA:60,1
DA:67,1
DA:68,1
DA:77,0
DA:81,2
DA:82,2
DA:83,2
DA:84,2
DA:85,0
DA:87,2
DA:89,2
DA:90,2
DA:96,1
DA:97,1
DA:98,1
DA:99,1
DA:100,0
DA:102,1
DA:103,1
DA:104,1
DA:105,0
DA:107,1
DA:108,1
DA:109,0
DA:112,1
DA:113,1
DA:122,0
DA:126,1
DA:127,0
DA:128,0
DA:129,0
DA:130,0
DA:132,0
DA:133,0
DA:134,0
DA:135,0
DA:136,0
DA:137,0
DA:138,0
DA:140,0
DA:141,0
DA:142,0
DA:145,0
DA:150,1
DA:151,0
DA:152,0
DA:153,0
DA:154,0
DA:155,0
DA:157,0
DA:159,0
DA:160,0
DA:161,0
DA:162,0
DA:163,0
DA:164,0
DA:166,0
DA:167,0
DA:168,0
DA:169,0
DA:170,0
DA:171,0
DA:176,0
DA:181,1
LF:94
LH:41
BRDA:17,0,0,0
BRDA:17,0,1,0
BRDA:17,1,0,0
BRDA:17,1,1,0
BRDA:18,2,0,0
BRDA:20,3,0,0
BRDA:25,4,0,0
BRDA:25,4,1,0
BRDA:25,5,0,0
BRDA:25,5,1,0
BRDA:26,6,0,0
BRDA:26,6,1,0
BRDA:26,7,0,0
BRDA:26,7,1,0
BRDA:26,8,0,0
BRDA:26,8,1,0
BRDA:26,9,0,0
BRDA:26,9,1,0
BRDA:50,10,0,0
BRDA:50,11,0,1
BRDA:50,11,1,1
BRDA:55,12,0,0
BRDA:84,13,0,0
BRDA:84,13,1,2
BRDA:99,14,0,0
BRDA:99,15,0,1
BRDA:99,15,1,1
BRDA:104,16,0,0
BRDA:108,17,0,0
BRDA:128,18,0,0
BRDA:128,18,1,0
BRDA:129,19,0,0
BRDA:132,20,0,0
BRDA:135,21,0,0
BRDA:135,21,1,0
BRDA:135,22,0,0
BRDA:135,22,1,0
BRDA:152,23,0,0
BRDA:152,23,1,0
BRDA:153,24,0,0
BRDA:155,25,0,0
BRDA:161,26,0,0
BRDA:161,27,0,0
BRDA:161,27,1,0
BRF:44
BRH:5
end_of_record
TN:
SF:src\controllers\base_controller.ts
FN:7,(anonymous_7)
FN:11,(anonymous_8)
FN:36,(anonymous_10)
FN:47,(anonymous_12)
FN:74,(anonymous_14)
FN:89,(anonymous_16)
FN:92,(anonymous_18)
FN:95,(anonymous_19)
FN:103,(anonymous_20)
FNF:9
FNH:7
FNDA:5,(anonymous_7)
FNDA:7,(anonymous_8)
FNDA:0,(anonymous_10)
FNDA:2,(anonymous_12)
FNDA:1,(anonymous_14)
FNDA:1,(anonymous_16)
FNDA:1,(anonymous_18)
FNDA:0,(anonymous_19)
FNDA:1,(anonymous_20)
DA:4,1
DA:8,5
DA:12,7
DA:13,7
DA:14,7
DA:15,7
DA:16,7
DA:17,7
DA:19,7
DA:20,5
DA:21,5
DA:22,5
DA:23,5
DA:25,2
DA:26,2
DA:27,2
DA:30,0
DA:38,0
DA:39,0
DA:41,0
DA:43,0
DA:50,2
DA:51,2
DA:54,2
DA:56,2
DA:58,2
DA:61,2
DA:65,0
DA:70,0
DA:76,1
DA:77,1
DA:79,1
DA:80,0
DA:82,1
DA:85,0
DA:92,1
DA:94,1
DA:97,0
DA:103,1
DA:104,1
DA:107,1
LF:41
LH:31
BRDA:19,0,0,5
BRDA:19,0,1,2
BRDA:19,1,0,7
BRDA:19,1,1,5
BRDA:56,2,0,2
BRDA:56,2,1,0
BRDA:79,3,0,0
BRF:7
BRH:5
end_of_record
TN:
SF:src\controllers\course_controller.ts
FN:13,(anonymous_8)
FN:17,(anonymous_9)
FN:21,(anonymous_12)
FN:34,(anonymous_13)
FN:43,(anonymous_15)
FN:53,(anonymous_17)
FN:66,(anonymous_20)
FN:74,(anonymous_23)
FNF:8
FNH:3
FNDA:1,(anonymous_8)
FNDA:1,(anonymous_9)
FNDA:1,(anonymous_12)
FNDA:0,(anonymous_13)
FNDA:0,(anonymous_15)
FNDA:0,(anonymous_17)
FNDA:0,(anonymous_20)
FNDA:0,(anonymous_23)
DA:1,1
DA:2,1
DA:5,1
DA:8,1
DA:10,1
DA:14,1
DA:19,1
DA:20,1
DA:21,1
DA:23,1
DA:24,1
DA:25,1
DA:26,1
DA:30,0
DA:36,0
DA:37,0
DA:40,0
DA:45,0
DA:46,0
DA:48,0
DA:50,0
DA:54,0
DA:58,0
DA:61,0
DA:63,0
DA:72,0
DA:74,0
DA:78,0
DA:82,1
LF:29
LH:14
BRDA:58,0,0,0
BRDA:58,0,1,0
BRDA:58,1,0,0
BRDA:58,1,1,0
BRDA:58,1,2,0
BRF:5
BRH:0
end_of_record
TN:
SF:src\controllers\course_reviews_controller.ts
FN:11,(anonymous_8)
FN:14,(anonymous_9)
FN:20,(anonymous_12)
FN:26,(anonymous_15)
FN:40,(anonymous_16)
FN:51,(anonymous_18)
FN:66,(anonymous_21)
FNF:7
FNH:7
FNDA:1,(anonymous_8)
FNDA:5,(anonymous_9)
FNDA:1,(anonymous_12)
FNDA:1,(anonymous_15)
FNDA:1,(anonymous_16)
FNDA:1,(anonymous_18)
FNDA:1,(anonymous_21)
DA:1,1
DA:2,1
DA:5,1
DA:12,1
DA:18,5
DA:23,1
DA:25,1
DA:26,1
DA:27,1
DA:30,1
DA:31,1
DA:35,0
DA:38,1
DA:42,1
DA:43,1
DA:45,1
DA:47,0
DA:53,1
DA:54,1
DA:58,1
DA:59,1
DA:61,1
DA:63,0
DA:69,1
DA:74,1
LF:25
LH:22
BRF:0
BRH:0
end_of_record
TN:
SF:src\controllers\student_controller.ts
FNF:0
FNH:0
DA:1,1
DA:2,1
DA:4,1
DA:6,1
LF:4
LH:4
BRF:0
BRH:0
end_of_record
TN:
SF:src\controllers\student_post_controller.ts
FN:7,(anonymous_8)
FN:11,(anonymous_9)
FNF:2
FNH:1
FNDA:1,(anonymous_8)
FNDA:0,(anonymous_9)
DA:1,1
DA:2,1
DA:8,1
DA:13,0
DA:14,0
DA:15,0
DA:19,1
LF:7
LH:4
BRF:0
BRH:0
end_of_record
TN:
SF:src\controllers\user_controller.ts
FN:7,(anonymous_8)
FN:11,(anonymous_9)
FN:21,(anonymous_11)
FN:30,(anonymous_13)
FN:34,(anonymous_16)
FNF:5
FNH:1
FNDA:1,(anonymous_8)
FNDA:0,(anonymous_9)
FNDA:0,(anonymous_11)
FNDA:0,(anonymous_13)
FNDA:0,(anonymous_16)
DA:1,1
DA:2,1
DA:5,1
DA:8,1
DA:13,0
DA:14,0
DA:15,0
DA:18,0
DA:22,0
DA:24,0
DA:27,0
DA:32,0
DA:37,0
DA:41,1
LF:14
LH:5
BRF:0
BRH:0
end_of_record
TN:
SF:src\models\course_model.ts
FNF:0
FNH:0
DA:1,1
DA:12,1
DA:37,1
LF:3
LH:3
BRF:0
BRH:0
end_of_record
TN:
SF:src\models\courses_reviews_model.ts
FNF:0
FNH:0
DA:1,1
DA:14,1
DA:44,1
LF:3
LH:3
BRF:0
BRH:0
end_of_record
TN:
SF:src\models\student_model.ts
FNF:0
FNH:0
DA:1,1
DA:8,1
DA:18,1
LF:3
LH:3
BRF:0
BRH:0
end_of_record
TN:
SF:src\models\student_post_model.ts
FNF:0
FNH:0
DA:1,1
DA:9,1
DA:24,1
LF:3
LH:3
BRF:0
BRH:0
end_of_record
TN:
SF:src\models\user_model.ts
FNF:0
FNH:0
DA:1,1
DA:12,1
DA:34,1
LF:3
LH:3
BRF:0
BRH:0
end_of_record
TN:
SF:src\routes\auth_route.ts
FNF:0
FNH:0
DA:1,1
DA:2,1
DA:3,1
DA:5,1
DA:6,1
DA:7,1
DA:8,1
DA:9,1
DA:241,1
LF:9
LH:9
BRF:0
BRH:0
end_of_record
TN:
SF:src\routes\courses_reviews_route.ts
FNF:0
FNH:0
DA:1,1
DA:2,1
DA:3,1
DA:4,1
DA:7,1
DA:9,1
DA:13,1
DA:15,1
DA:17,1
DA:19,1
LF:10
LH:10
BRF:0
BRH:0
end_of_record
TN:
SF:src\routes\courses_route.ts
FNF:0
FNH:0
DA:1,1
DA:2,1
DA:3,1
DA:4,1
DA:5,1
DA:7,1
DA:9,1
DA:12,1
DA:14,1
DA:15,1
DA:17,1
DA:19,1
LF:12
LH:12
BRF:0
BRH:0
end_of_record
TN:
SF:src\routes\student_post_route.ts
FNF:0
FNH:0
DA:1,1
DA:2,1
DA:3,1
DA:4,1
DA:6,1
DA:8,1
DA:10,1
DA:12,1
DA:14,1
DA:16,1
LF:10
LH:10
BRF:0
BRH:0
end_of_record
TN:
SF:src\routes\student_route.ts
FNF:0
FNH:0
DA:1,1
DA:2,1
DA:3,1
DA:4,1
DA:6,1
DA:8,1
DA:10,1
DA:12,1
DA:14,1
DA:16,1
LF:10
LH:10
BRF:0
BRH:0
end_of_record
TN:
SF:src\routes\user_update_route.ts
FNF:0
FNH:0
DA:1,1
DA:2,1
DA:3,1
DA:4,1
DA:5,1
DA:9,1
DA:11,1
DA:13,1
DA:15,1
DA:16,1
DA:18,1
LF:11
LH:11
BRF:0
BRH:0
end_of_record
