TN:
SF:src\app.ts
FN:13,(anonymous_1)
FN:14,(anonymous_2)
FN:16,(anonymous_3)
FN:17,(anonymous_4)
FN:19,(anonymous_5)
FN:23,(anonymous_6)
FNF:6
FNH:5
FNDA:1,(anonymous_1)
FNDA:1,(anonymous_2)
FNDA:1,(anonymous_3)
FNDA:0,(anonymous_4)
FNDA:1,(anonymous_5)
FNDA:20,(anonymous_6)
DA:1,1
DA:2,1
DA:3,1
DA:4,1
DA:5,1
DA:6,1
DA:7,1
DA:8,1
DA:9,1
DA:10,1
DA:13,1
DA:14,1
DA:15,1
DA:16,1
DA:17,1
DA:18,1
DA:19,1
DA:20,1
DA:21,1
DA:22,1
DA:23,1
DA:24,20
DA:25,20
DA:26,20
DA:27,20
DA:28,20
DA:30,1
DA:31,1
DA:32,1
DA:33,1
DA:34,1
DA:35,1
DA:36,1
DA:39,1
DA:42,1
LF:35
LH:35
BRF:0
BRH:0
end_of_record
TN:
SF:src\common\auth_middleware.ts
FN:7,(anonymous_1)
FN:16,(anonymous_2)
FNF:2
FNH:2
FNDA:6,(anonymous_1)
FNDA:6,(anonymous_2)
DA:2,1
DA:7,1
DA:10,6
DA:11,6
DA:12,6
DA:14,0
DA:16,6
DA:17,6
DA:19,6
DA:20,6
DA:24,6
DA:28,0
DA:33,1
LF:13
LH:11
BRDA:11,0,0,6
BRDA:11,0,1,6
BRDA:12,1,0,0
BRDA:19,2,0,0
BRF:4
BRH:2
end_of_record
TN:
SF:src\common\file_upload.ts
FN:4,(anonymous_1)
FN:9,(anonymous_2)
FN:25,(anonymous_3)
FN:42,(anonymous_4)
FNF:4
FNH:0
FNDA:0,(anonymous_1)
FNDA:0,(anonymous_2)
FNDA:0,(anonymous_3)
FNDA:0,(anonymous_4)
DA:1,1
DA:3,1
DA:7,0
DA:11,0
DA:15,0
DA:20,1
DA:26,0
DA:28,0
DA:29,0
DA:31,0
DA:37,1
DA:44,0
DA:45,0
DA:46,0
DA:48,0
DA:54,1
LF:16
LH:5
BRDA:28,0,0,0
BRDA:28,0,1,0
BRDA:45,1,0,0
BRDA:45,1,1,0
BRF:4
BRH:0
end_of_record
TN:
SF:src\common\utils.ts
FN:4,extractUserName
FN:10,incCountInCourseName
FN:24,decCountInCourseName
FNF:3
FNH:3
FNDA:2,extractUserName
FNDA:1,incCountInCourseName
FNDA:1,decCountInCourseName
DA:1,1
DA:2,1
DA:3,1
DA:4,1
DA:5,2
DA:6,2
DA:7,2
DA:10,1
DA:11,1
DA:12,1
DA:17,1
DA:19,0
DA:24,1
DA:25,1
DA:26,1
DA:27,1
DA:28,1
DA:29,1
DA:30,1
DA:34,0
LF:20
LH:18
BRF:0
BRH:0
end_of_record
TN:
SF:src\controllers\auth_controller.ts
FN:10,(anonymous_8)
FN:10,(anonymous_9)
FN:46,(anonymous_10)
FN:46,(anonymous_11)
FN:84,(anonymous_12)
FN:84,(anonymous_13)
FN:99,(anonymous_14)
FN:99,(anonymous_15)
FN:129,(anonymous_16)
FN:129,(anonymous_17)
FN:139,(anonymous_18)
FN:139,(anonymous_19)
FN:154,(anonymous_20)
FN:164,(anonymous_21)
FN:164,(anonymous_22)
FN:168,(anonymous_23)
FN:168,(anonymous_24)
FN:184,(anonymous_25)
FN:203,(anonymous_26)
FN:203,(anonymous_27)
FNF:20
FNH:6
FNDA:0,(anonymous_8)
FNDA:0,(anonymous_9)
FNDA:1,(anonymous_10)
FNDA:1,(anonymous_11)
FNDA:2,(anonymous_12)
FNDA:2,(anonymous_13)
FNDA:1,(anonymous_14)
FNDA:1,(anonymous_15)
FNDA:0,(anonymous_16)
FNDA:0,(anonymous_17)
FNDA:0,(anonymous_18)
FNDA:0,(anonymous_19)
FNDA:0,(anonymous_20)
FNDA:0,(anonymous_21)
FNDA:0,(anonymous_22)
FNDA:0,(anonymous_23)
FNDA:0,(anonymous_24)
FNDA:0,(anonymous_25)
FNDA:0,(anonymous_26)
FNDA:0,(anonymous_27)
DA:2,1
DA:3,1
DA:4,1
DA:5,1
DA:9,1
DA:10,1
DA:12,0
DA:13,0
DA:17,0
DA:18,0
DA:19,0
DA:20,0
DA:21,0
DA:22,0
DA:30,0
DA:31,0
DA:41,0
DA:46,1
DA:48,1
DA:49,1
DA:50,1
DA:51,1
DA:52,1
DA:54,0
DA:56,1
DA:57,1
DA:58,1
DA:59,0
DA:61,1
DA:62,1
DA:63,1
DA:70,1
DA:71,1
DA:80,0
DA:84,2
DA:85,2
DA:86,2
DA:87,2
DA:88,0
DA:90,2
DA:92,2
DA:93,2
DA:99,1
DA:100,1
DA:101,1
DA:102,1
DA:103,0
DA:105,1
DA:106,1
DA:107,1
DA:108,0
DA:110,1
DA:111,1
DA:112,0
DA:115,1
DA:116,1
DA:125,0
DA:129,1
DA:130,0
DA:131,0
DA:139,0
DA:141,0
DA:142,0
DA:143,0
DA:145,0
DA:149,0
DA:150,0
DA:151,0
DA:154,0
DA:155,0
DA:156,0
DA:159,0
DA:164,1
DA:165,0
DA:166,0
DA:167,0
DA:168,0
DA:169,0
DA:171,0
DA:173,0
DA:174,0
DA:175,0
DA:177,0
DA:178,0
DA:179,0
DA:181,0
DA:182,0
DA:184,0
DA:187,0
DA:188,0
DA:191,0
DA:197,0
DA:201,1
DA:203,1
DA:205,0
DA:209,0
DA:212,0
DA:217,1
LF:98
LH:43
BRDA:18,0,0,0
BRDA:18,0,1,0
BRDA:18,1,0,0
BRDA:18,1,1,0
BRDA:19,2,0,0
BRDA:21,3,0,0
BRDA:26,4,0,0
BRDA:26,4,1,0
BRDA:26,5,0,0
BRDA:26,5,1,0
BRDA:27,6,0,0
BRDA:27,6,1,0
BRDA:27,7,0,0
BRDA:27,7,1,0
BRDA:27,8,0,0
BRDA:27,8,1,0
BRDA:27,9,0,0
BRDA:27,9,1,0
BRDA:52,10,0,0
BRDA:52,11,0,1
BRDA:52,11,1,1
BRDA:58,12,0,0
BRDA:87,13,0,0
BRDA:87,13,1,2
BRDA:102,14,0,0
BRDA:102,15,0,1
BRDA:102,15,1,1
BRDA:107,16,0,0
BRDA:111,17,0,0
BRDA:131,18,0,0
BRDA:131,18,1,0
BRDA:141,19,0,0
BRDA:145,20,0,0
BRDA:145,20,1,0
BRDA:145,21,0,0
BRDA:145,21,1,0
BRDA:166,22,0,0
BRDA:166,22,1,0
BRDA:167,23,0,0
BRDA:169,24,0,0
BRDA:175,25,0,0
BRDA:175,26,0,0
BRDA:175,26,1,0
BRF:43
BRH:5
end_of_record
TN:
SF:src\controllers\base_controller.ts
FN:7,(anonymous_7)
FN:11,(anonymous_8)
FN:31,(anonymous_10)
FN:40,(anonymous_12)
FN:52,(anonymous_14)
FN:64,(anonymous_16)
FN:66,(anonymous_18)
FN:68,(anonymous_19)
FN:74,(anonymous_20)
FNF:9
FNH:5
FNDA:3,(anonymous_7)
FNDA:0,(anonymous_8)
FNDA:0,(anonymous_10)
FNDA:2,(anonymous_12)
FNDA:1,(anonymous_14)
FNDA:1,(anonymous_16)
FNDA:1,(anonymous_18)
FNDA:0,(anonymous_19)
FNDA:0,(anonymous_20)
DA:4,1
DA:8,3
DA:12,0
DA:13,0
DA:14,0
DA:15,0
DA:16,0
DA:18,0
DA:19,0
DA:21,0
DA:22,0
DA:25,0
DA:32,0
DA:33,0
DA:34,0
DA:36,0
DA:41,2
DA:42,2
DA:43,2
DA:44,2
DA:45,2
DA:48,0
DA:53,1
DA:54,1
DA:55,1
DA:56,0
DA:58,1
DA:60,0
DA:65,1
DA:66,1
DA:67,1
DA:69,0
DA:74,1
DA:75,0
DA:78,1
LF:35
LH:16
BRDA:15,0,0,0
BRDA:15,0,1,0
BRDA:15,1,0,0
BRDA:15,1,1,0
BRDA:55,2,0,0
BRF:5
BRH:0
end_of_record
TN:
SF:src\controllers\course_controller.ts
FN:12,(anonymous_8)
FN:16,(anonymous_9)
FN:57,(anonymous_11)
FN:60,(anonymous_14)
FN:71,(anonymous_15)
FN:80,(anonymous_17)
FN:89,(anonymous_19)
FN:108,(anonymous_22)
FNF:8
FNH:4
FNDA:1,(anonymous_8)
FNDA:2,(anonymous_9)
FNDA:1,(anonymous_11)
FNDA:1,(anonymous_14)
FNDA:0,(anonymous_15)
FNDA:0,(anonymous_17)
FNDA:0,(anonymous_19)
FNDA:0,(anonymous_22)
DA:1,1
DA:2,1
DA:5,1
DA:6,1
DA:7,1
DA:13,1
DA:17,2
DA:18,2
DA:19,2
DA:21,2
DA:22,0
DA:25,2
DA:28,2
DA:30,0
DA:31,0
DA:35,0
DA:36,0
DA:38,0
DA:39,0
DA:41,2
DA:42,2
DA:45,2
DA:46,2
DA:48,0
DA:49,0
DA:52,0
DA:58,1
DA:59,1
DA:60,1
DA:61,1
DA:62,1
DA:63,1
DA:64,1
DA:67,0
DA:73,0
DA:75,0
DA:77,0
DA:82,0
DA:83,0
DA:84,0
DA:86,0
DA:90,0
DA:91,0
DA:97,0
DA:100,0
DA:103,0
DA:105,0
DA:109,0
DA:111,0
DA:112,0
DA:113,0
DA:114,0
DA:116,0
DA:121,1
LF:54
LH:24
BRDA:21,0,0,0
BRDA:25,1,0,2
BRDA:25,1,1,0
BRDA:25,2,0,2
BRDA:25,2,1,2
BRDA:28,3,0,0
BRDA:28,3,1,0
BRDA:28,3,2,0
BRDA:28,3,3,0
BRDA:28,3,4,0
BRDA:28,3,5,2
BRDA:91,4,0,0
BRDA:91,4,1,0
BRDA:91,5,0,0
BRDA:91,5,1,0
BRDA:91,5,2,0
BRDA:91,5,3,0
BRDA:91,5,4,0
BRDA:91,5,5,0
BRDA:91,5,6,0
BRDA:91,5,7,0
BRDA:100,6,0,0
BRDA:100,6,1,0
BRDA:100,7,0,0
BRDA:100,7,1,0
BRDA:100,7,2,0
BRF:26
BRH:4
end_of_record
TN:
SF:src\controllers\course_reviews_controller.ts
FN:11,(anonymous_8)
FN:14,(anonymous_9)
FN:81,(anonymous_11)
FN:86,(anonymous_14)
FN:97,(anonymous_15)
FN:115,(anonymous_17)
FN:126,(anonymous_20)
FNF:7
FNH:7
FNDA:1,(anonymous_8)
FNDA:9,(anonymous_9)
FNDA:1,(anonymous_11)
FNDA:1,(anonymous_14)
FNDA:1,(anonymous_15)
FNDA:1,(anonymous_17)
FNDA:2,(anonymous_20)
DA:1,1
DA:2,1
DA:5,1
DA:12,1
DA:15,9
DA:16,9
DA:19,9
DA:20,4
DA:24,4
DA:25,2
DA:29,4
DA:30,0
DA:34,4
DA:35,2
DA:39,4
DA:40,4
DA:42,5
DA:44,5
DA:45,5
DA:84,1
DA:86,1
DA:87,1
DA:90,1
DA:91,1
DA:95,1
DA:99,1
DA:101,1
DA:117,1
DA:121,1
DA:123,1
DA:124,1
DA:129,2
DA:130,2
DA:135,1
DA:137,1
DA:143,1
LF:36
LH:35
BRDA:19,0,0,4
BRDA:19,0,1,5
BRDA:19,1,0,9
BRDA:19,1,1,7
BRDA:19,1,2,7
BRDA:24,2,0,2
BRDA:29,3,0,0
BRDA:34,4,0,2
BRDA:130,5,0,1
BRDA:130,5,1,1
BRDA:130,6,0,2
BRDA:130,6,1,1
BRDA:130,6,2,1
BRDA:130,6,3,1
BRDA:130,6,4,1
BRF:15
BRH:14
end_of_record
TN:
SF:src\controllers\user_controller.ts
FN:8,(anonymous_8)
FN:12,(anonymous_9)
FN:27,(anonymous_11)
FN:39,(anonymous_13)
FN:43,(anonymous_16)
FN:58,(anonymous_18)
FNF:6
FNH:1
FNDA:1,(anonymous_8)
FNDA:0,(anonymous_9)
FNDA:0,(anonymous_11)
FNDA:0,(anonymous_13)
FNDA:0,(anonymous_16)
FNDA:0,(anonymous_18)
DA:1,1
DA:2,1
DA:5,1
DA:9,1
DA:14,0
DA:15,0
DA:16,0
DA:17,0
DA:20,0
DA:21,0
DA:24,0
DA:30,0
DA:32,0
DA:33,0
DA:36,0
DA:41,0
DA:45,0
DA:46,0
DA:47,0
DA:54,0
DA:56,0
DA:60,0
DA:61,0
DA:62,0
DA:63,0
DA:66,0
DA:69,0
DA:74,1
LF:28
LH:5
BRDA:16,0,0,0
BRDA:62,1,0,0
BRF:2
BRH:0
end_of_record
TN:
SF:src\models\course_model.ts
FNF:0
FNH:0
DA:1,1
DA:12,1
DA:38,1
LF:3
LH:3
BRF:0
BRH:0
end_of_record
TN:
SF:src\models\courses_reviews_model.ts
FNF:0
FNH:0
DA:1,1
DA:14,1
DA:44,1
LF:3
LH:3
BRF:0
BRH:0
end_of_record
TN:
SF:src\models\user_model.ts
FNF:0
FNH:0
DA:1,1
DA:12,1
DA:34,1
LF:3
LH:3
BRF:0
BRH:0
end_of_record
TN:
SF:src\routes\auth_route.ts
FNF:0
FNH:0
DA:1,1
DA:2,1
DA:3,1
DA:5,1
DA:6,1
DA:7,1
DA:8,1
DA:9,1
DA:10,1
DA:242,1
LF:10
LH:10
BRF:0
BRH:0
end_of_record
TN:
SF:src\routes\courses_reviews_route.ts
FNF:0
FNH:0
DA:1,1
DA:2,1
DA:3,1
DA:4,1
DA:7,1
DA:9,1
DA:14,1
DA:16,1
DA:18,1
DA:20,1
LF:10
LH:10
BRF:0
BRH:0
end_of_record
TN:
SF:src\routes\courses_route.ts
FNF:0
FNH:0
DA:1,1
DA:2,1
DA:3,1
DA:4,1
DA:5,1
DA:14,1
DA:18,1
DA:21,1
DA:23,1
DA:24,1
DA:26,1
DA:28,1
LF:12
LH:12
BRF:0
BRH:0
end_of_record
TN:
SF:src\routes\specific_route.ts
FN:8,(anonymous_8)
FN:8,(anonymous_9)
FNF:2
FNH:2
FNDA:1,(anonymous_8)
FNDA:1,(anonymous_9)
DA:1,1
DA:2,1
DA:3,1
DA:6,1
DA:8,1
DA:11,1
DA:12,1
DA:14,1
DA:17,0
DA:21,1
LF:10
LH:9
BRF:0
BRH:0
end_of_record
TN:
SF:src\routes\user_update_route.ts
FNF:0
FNH:0
DA:1,1
DA:2,1
DA:3,1
DA:4,1
DA:5,1
DA:9,1
DA:11,1
DA:13,1
DA:15,1
DA:16,1
DA:18,1
LF:11
LH:11
BRF:0
BRH:0
end_of_record
